<?xml version="1.0" encoding="UTF-8"?>
<!-- Generated by org.testng.reporters.JUnitReportReporter -->
<testsuite skipped="0" hostname="Junyong" name="de.learnlib.api.modelchecking.counterexample.DFALassoTest" tests="5" failures="0" timestamp="19 4월 2018 08:21:39 GMT" time="0.006" errors="0">
  <testcase name="testGetPrefix" time="0.001" classname="de.learnlib.api.modelchecking.counterexample.DFALassoTest"/>
  <testcase name="testGetLoop" time="0.003" classname="de.learnlib.api.modelchecking.counterexample.DFALassoTest"/>
  <testcase name="testGetLoopBeginIndices" time="0.001" classname="de.learnlib.api.modelchecking.counterexample.DFALassoTest"/>
  <testcase name="testGetOutput" time="0.000" classname="de.learnlib.api.modelchecking.counterexample.DFALassoTest"/>
  <testcase name="testGetWord" time="0.001" classname="de.learnlib.api.modelchecking.counterexample.DFALassoTest"/>
</testsuite> <!-- de.learnlib.api.modelchecking.counterexample.DFALassoTest -->
