<?xml version="1.0" encoding="UTF-8"?>
<!-- Generated by org.testng.reporters.JUnitReportReporter -->
<testsuite skipped="0" hostname="Junyong" name="de.learnlib.api.logging.LearnLoggerTest" tests="3" failures="0" timestamp="19 4월 2018 08:21:39 GMT" time="0.041" errors="0">
  <testcase name="testLogQuery" time="0.001" classname="de.learnlib.api.logging.LearnLoggerTest"/>
  <testcase name="testLogPhase" time="0.037" classname="de.learnlib.api.logging.LearnLoggerTest"/>
  <testcase name="testGetLogger" time="0.003" classname="de.learnlib.api.logging.LearnLoggerTest"/>
</testsuite> <!-- de.learnlib.api.logging.LearnLoggerTest -->
