<?xml version="1.0" encoding="UTF-8"?>
<!-- Generated by org.testng.reporters.JUnitXMLReporter -->
<testsuite hostname="Junyong" ignored="0" name="Surefire test" tests="18" failures="0" timestamp="19 4월 2018 08:21:42 GMT" time="0.064" errors="0">
  <testcase name="testOne0" time="0.013" classname="de.learnlib.acex.analyzers.AnalyzersTest"/>
  <testcase name="testOne0" time="0.0" classname="de.learnlib.acex.analyzers.AnalyzersTest"/>
  <testcase name="testOne0" time="0.001" classname="de.learnlib.acex.analyzers.AnalyzersTest"/>
  <testcase name="testOne0" time="0.0" classname="de.learnlib.acex.analyzers.AnalyzersTest"/>
  <testcase name="testOne0" time="0.001" classname="de.learnlib.acex.analyzers.AnalyzersTest"/>
  <testcase name="testOne0" time="0.0" classname="de.learnlib.acex.analyzers.AnalyzersTest"/>
  <testcase name="testOne1" time="0.0" classname="de.learnlib.acex.analyzers.AnalyzersTest"/>
  <testcase name="testOne1" time="0.0" classname="de.learnlib.acex.analyzers.AnalyzersTest"/>
  <testcase name="testOne1" time="0.0" classname="de.learnlib.acex.analyzers.AnalyzersTest"/>
  <testcase name="testOne1" time="0.001" classname="de.learnlib.acex.analyzers.AnalyzersTest"/>
  <testcase name="testOne1" time="0.0" classname="de.learnlib.acex.analyzers.AnalyzersTest"/>
  <testcase name="testOne1" time="0.001" classname="de.learnlib.acex.analyzers.AnalyzersTest"/>
  <testcase name="testRandom" time="0.0" classname="de.learnlib.acex.analyzers.AnalyzersTest"/>
  <testcase name="testRandom" time="0.0" classname="de.learnlib.acex.analyzers.AnalyzersTest"/>
  <testcase name="testRandom" time="0.001" classname="de.learnlib.acex.analyzers.AnalyzersTest"/>
  <testcase name="testRandom" time="0.0" classname="de.learnlib.acex.analyzers.AnalyzersTest"/>
  <testcase name="testRandom" time="0.0" classname="de.learnlib.acex.analyzers.AnalyzersTest"/>
  <testcase name="testRandom" time="0.001" classname="de.learnlib.acex.analyzers.AnalyzersTest"/>
</testsuite> <!-- Surefire test -->
