<?xml version="1.0" encoding="UTF-8"?>
<!-- Generated by org.testng.reporters.JUnitReportReporter -->
<testsuite skipped="9" hostname="Junyong" name="de.learnlib.modelchecking.modelchecker.LTSminLTLDFATest" tests="9" failures="0" timestamp="19 4월 2018 08:22:53 GMT" time="0.000" errors="0">
  <testcase name="testEmptyLanguage" time="0.000" classname="de.learnlib.modelchecking.modelchecker.LTSminLTLDFATest">
    <skipped/>
  </testcase> <!-- testEmptyLanguage -->
  <testcase name="testSetMultiplierExcept" time="0.000" classname="de.learnlib.modelchecking.modelchecker.LTSminLTLDFATest">
    <skipped/>
  </testcase> <!-- testSetMultiplierExcept -->
  <testcase name="testSetMultiplier" time="0.000" classname="de.learnlib.modelchecking.modelchecker.LTSminLTLDFATest">
    <skipped/>
  </testcase> <!-- testSetMultiplier -->
  <testcase name="testSetMinimumUnfolds" time="0.000" classname="de.learnlib.modelchecking.modelchecker.LTSminLTLDFATest">
    <skipped/>
  </testcase> <!-- testSetMinimumUnfolds -->
  <testcase name="testSetMinimumUnfoldsExcept" time="0.000" classname="de.learnlib.modelchecking.modelchecker.LTSminLTLDFATest">
    <skipped/>
  </testcase> <!-- testSetMinimumUnfoldsExcept -->
  <testcase name="testComputeUnfolds" time="0.000" classname="de.learnlib.modelchecking.modelchecker.LTSminLTLDFATest">
    <skipped/>
  </testcase> <!-- testComputeUnfolds -->
  <testcase name="testFindCounterExample" time="0.000" classname="de.learnlib.modelchecking.modelchecker.LTSminLTLDFATest">
    <skipped/>
  </testcase> <!-- testFindCounterExample -->
  <testcase name="testComputeUnfoldsExcept" time="0.000" classname="de.learnlib.modelchecking.modelchecker.LTSminLTLDFATest">
    <skipped/>
  </testcase> <!-- testComputeUnfoldsExcept -->
  <testcase name="testPrefixClosed" time="0.000" classname="de.learnlib.modelchecking.modelchecker.LTSminLTLDFATest">
    <skipped/>
  </testcase> <!-- testPrefixClosed -->
</testsuite> <!-- de.learnlib.modelchecking.modelchecker.LTSminLTLDFATest -->
