<?xml version="1.0" encoding="UTF-8"?>
<!-- Generated by org.testng.reporters.JUnitReportReporter -->
<testsuite skipped="8" hostname="Junyong" name="de.learnlib.modelchecking.modelchecker.LTSminLTLAlternatingTest" tests="8" failures="0" timestamp="19 4월 2018 08:22:53 GMT" time="0.000" errors="0">
  <testcase name="testFindCounterExample" time="0.000" classname="de.learnlib.modelchecking.modelchecker.LTSminLTLAlternatingTest">
    <skipped/>
  </testcase> <!-- testFindCounterExample -->
  <testcase name="testSetMinimumUnfolds" time="0.000" classname="de.learnlib.modelchecking.modelchecker.LTSminLTLAlternatingTest">
    <skipped/>
  </testcase> <!-- testSetMinimumUnfolds -->
  <testcase name="testSetMinimumUnfoldsExcept" time="0.000" classname="de.learnlib.modelchecking.modelchecker.LTSminLTLAlternatingTest">
    <skipped/>
  </testcase> <!-- testSetMinimumUnfoldsExcept -->
  <testcase name="testSkipOutputs" time="0.000" classname="de.learnlib.modelchecking.modelchecker.LTSminLTLAlternatingTest">
    <skipped/>
  </testcase> <!-- testSkipOutputs -->
  <testcase name="testComputeUnfoldsExcept" time="0.000" classname="de.learnlib.modelchecking.modelchecker.LTSminLTLAlternatingTest">
    <skipped/>
  </testcase> <!-- testComputeUnfoldsExcept -->
  <testcase name="testSetMultiplierExcept" time="0.000" classname="de.learnlib.modelchecking.modelchecker.LTSminLTLAlternatingTest">
    <skipped/>
  </testcase> <!-- testSetMultiplierExcept -->
  <testcase name="testSetMultiplier" time="0.000" classname="de.learnlib.modelchecking.modelchecker.LTSminLTLAlternatingTest">
    <skipped/>
  </testcase> <!-- testSetMultiplier -->
  <testcase name="testComputeUnfolds" time="0.000" classname="de.learnlib.modelchecking.modelchecker.LTSminLTLAlternatingTest">
    <skipped/>
  </testcase> <!-- testComputeUnfolds -->
</testsuite> <!-- de.learnlib.modelchecking.modelchecker.LTSminLTLAlternatingTest -->
