<?xml version="1.0" encoding="UTF-8"?>
<!-- Generated by org.testng.reporters.JUnitXMLReporter -->
<testsuite hostname="Junyong" ignored="0" name="Surefire test" tests="40" failures="0" timestamp="19 4월 2018 08:22:57 GMT" time="1.513" errors="0">
  <testcase name="testAmount" time="0.003" classname="de.learnlib.oracle.blackbox.AbstractBlackBoxOracleTest"/>
  <testcase name="testCache" time="0.01" classname="de.learnlib.oracle.blackbox.AbstractBlackBoxOracleTest"/>
  <testcase name="testFindCounterExample" time="0.004" classname="de.learnlib.oracle.emptiness.AbstractBreadthFirstEmptinessOracleTest"/>
  <testcase name="testFindCounterExample" time="0.002" classname="de.learnlib.oracle.emptiness.AbstractBreadthFirstEmptinessOracleTest"/>
  <testcase name="testFindCounterExample" time="0.0" classname="de.learnlib.oracle.inclusion.AbstractBreadthFirstInclusionOracleTest"/>
  <testcase name="testFindCounterExample" time="0.0" classname="de.learnlib.oracle.inclusion.AbstractBreadthFirstInclusionOracleTest"/>
  <testcase name="testAddWord" time="0.0" classname="de.learnlib.oracle.AbstractBreadthFirstOracleTest"/>
  <testcase name="testAddWord" time="0.0" classname="de.learnlib.oracle.AbstractBreadthFirstOracleTest"/>
  <testcase name="testAddWord" time="0.0" classname="de.learnlib.oracle.AbstractBreadthFirstOracleTest"/>
  <testcase name="testAddWord" time="0.0" classname="de.learnlib.oracle.AbstractBreadthFirstOracleTest"/>
  <testcase name="testAddWord" time="0.0" classname="de.learnlib.oracle.AbstractBreadthFirstOracleTest"/>
  <testcase name="testAddWord" time="0.0" classname="de.learnlib.oracle.AbstractBreadthFirstOracleTest"/>
  <testcase name="testGetMaxWords" time="0.0" classname="de.learnlib.oracle.AbstractBreadthFirstOracleTest"/>
  <testcase name="testGetMaxWords" time="0.001" classname="de.learnlib.oracle.AbstractBreadthFirstOracleTest"/>
  <testcase name="testGetMaxWords" time="0.0" classname="de.learnlib.oracle.AbstractBreadthFirstOracleTest"/>
  <testcase name="testGetMaxWords" time="0.0" classname="de.learnlib.oracle.AbstractBreadthFirstOracleTest"/>
  <testcase name="testGetMaxWords" time="0.0" classname="de.learnlib.oracle.AbstractBreadthFirstOracleTest"/>
  <testcase name="testGetMaxWords" time="0.0" classname="de.learnlib.oracle.AbstractBreadthFirstOracleTest"/>
  <testcase name="testNextInput" time="0.0" classname="de.learnlib.oracle.AbstractBreadthFirstOracleTest"/>
  <testcase name="testNextInput" time="0.0" classname="de.learnlib.oracle.AbstractBreadthFirstOracleTest"/>
  <testcase name="testNextInput" time="0.0" classname="de.learnlib.oracle.AbstractBreadthFirstOracleTest"/>
  <testcase name="testNextInput" time="0.0" classname="de.learnlib.oracle.AbstractBreadthFirstOracleTest"/>
  <testcase name="testNextInput" time="0.0" classname="de.learnlib.oracle.AbstractBreadthFirstOracleTest"/>
  <testcase name="testNextInput" time="0.0" classname="de.learnlib.oracle.AbstractBreadthFirstOracleTest"/>
  <testcase name="testPre" time="0.0" classname="de.learnlib.oracle.AbstractBreadthFirstOracleTest"/>
  <testcase name="testPre" time="0.0" classname="de.learnlib.oracle.AbstractBreadthFirstOracleTest"/>
  <testcase name="testPre" time="0.0" classname="de.learnlib.oracle.AbstractBreadthFirstOracleTest"/>
  <testcase name="testPre" time="0.001" classname="de.learnlib.oracle.AbstractBreadthFirstOracleTest"/>
  <testcase name="testPre" time="0.0" classname="de.learnlib.oracle.AbstractBreadthFirstOracleTest"/>
  <testcase name="testPre" time="0.0" classname="de.learnlib.oracle.AbstractBreadthFirstOracleTest"/>
  <testcase name="testFindCounterExample" time="0.001" classname="de.learnlib.oracle.emptiness.AbstractLassoAutomatonEmptinessTest"/>
  <testcase name="testFindCounterExample" time="0.0" classname="de.learnlib.oracle.emptiness.AbstractLassoAutomatonEmptinessTest"/>
  <testcase name="testFindCounterExample" time="0.001" classname="de.learnlib.oracle.blackbox.CExFirstBBOracleTest"/>
  <testcase name="testAmount" time="0.0" classname="de.learnlib.oracle.blackbox.AbstractBlackBoxOracleTest"/>
  <testcase name="testCache" time="0.0" classname="de.learnlib.oracle.blackbox.AbstractBlackBoxOracleTest"/>
  <testcase name="testFindCounterExample" time="0.0" classname="de.learnlib.oracle.blackbox.DisproveFirstBBOracleTest"/>
  <testcase name="testDisproveCached" time="0.001" classname="de.learnlib.oracle.blackbox.ModelCheckingBBPropertyTest"/>
  <testcase name="testDisproveUncached" time="0.001" classname="de.learnlib.oracle.blackbox.ModelCheckingBBPropertyTest"/>
  <testcase name="testFindCounterExampleCached" time="0.001" classname="de.learnlib.oracle.blackbox.ModelCheckingBBPropertyTest"/>
  <testcase name="testFindCounterExampleUncached" time="0.001" classname="de.learnlib.oracle.blackbox.ModelCheckingBBPropertyTest"/>
</testsuite> <!-- Surefire test -->
