<?xml version="1.0" encoding="UTF-8"?>
<!-- Generated by org.testng.reporters.JUnitReportReporter -->
<testsuite skipped="0" hostname="Junyong" name="de.learnlib.algorithms.discriminationtree.DTLearnerDFAResumableLearnerTest" tests="1" failures="0" timestamp="19 4월 2018 08:22:17 GMT" time="0.077" errors="0">
  <testcase name="testSuspendAndResumeLearner" time="0.077" classname="de.learnlib.algorithms.discriminationtree.DTLearnerDFAResumableLearnerTest"/>
</testsuite> <!-- de.learnlib.algorithms.discriminationtree.DTLearnerDFAResumableLearnerTest -->
