<?xml version="1.0" encoding="UTF-8"?>
<!-- Generated by org.testng.reporters.JUnitReportReporter -->
<testsuite skipped="0" hostname="Junyong" name="de.learnlib.algorithms.discriminationtree.DTLearnerMealyGrowingAlphabetTest" tests="2" failures="0" timestamp="19 4월 2018 08:22:17 GMT" time="0.018" errors="0">
  <testcase name="testInitialAlphabet" time="0.006" classname="de.learnlib.algorithms.discriminationtree.DTLearnerMealyGrowingAlphabetTest"/>
  <testcase name="testGrowingAlphabetAlphabet" time="0.012" classname="de.learnlib.algorithms.discriminationtree.DTLearnerMealyGrowingAlphabetTest"/>
</testsuite> <!-- de.learnlib.algorithms.discriminationtree.DTLearnerMealyGrowingAlphabetTest -->
