<?xml version="1.0" encoding="UTF-8"?>
<!-- Generated by org.testng.reporters.JUnitXMLReporter -->
<testsuite hostname="Junyong" ignored="0" name="Surefire test" tests="2" failures="0" timestamp="19 4월 2018 08:22:00 GMT" time="0.207" errors="0">
  <testcase name="testEmptyDFA" time="0.169" classname="de.learnlib.oracle.equivalence.EmptyAutomatonOracleTest"/>
  <testcase name="testEmptyMealy" time="0.017" classname="de.learnlib.oracle.equivalence.EmptyAutomatonOracleTest"/>
</testsuite> <!-- Surefire test -->
