<?xml version="1.0" encoding="UTF-8"?>
<!-- Generated by org.testng.reporters.JUnitXMLReporter -->
<testsuite hostname="Junyong" ignored="0" name="Surefire test" tests="6" failures="0" timestamp="19 4월 2018 08:22:36 GMT" time="0.499" errors="0">
  <testcase name="testGrowingAlphabetAlphabet" time="0.106" classname="de.learnlib.testsupport.AbstractGrowingAlphabetTest"/>
  <testcase name="testInitialAlphabet" time="0.013" classname="de.learnlib.testsupport.AbstractGrowingAlphabetTest"/>
  <testcase name="testSuspendAndResumeLearner" time="0.145" classname="de.learnlib.testsupport.AbstractResumableLearnerTest"/>
  <testcase name="testGrowingAlphabetAlphabet" time="0.019" classname="de.learnlib.testsupport.AbstractGrowingAlphabetTest"/>
  <testcase name="testInitialAlphabet" time="0.007" classname="de.learnlib.testsupport.AbstractGrowingAlphabetTest"/>
  <testcase name="testSuspendAndResumeLearner" time="0.037" classname="de.learnlib.testsupport.AbstractResumableLearnerTest"/>
</testsuite> <!-- Surefire test -->
