<?xml version="1.0" encoding="UTF-8"?>
<!-- Generated by org.testng.reporters.JUnitXMLReporter -->
<testsuite hostname="Junyong" ignored="0" name="Surefire test" tests="5" failures="0" timestamp="19 4월 2018 08:21:50 GMT" time="0.136" errors="0">
  <testcase name="testGetName" time="0.018" classname="de.learnlib.filter.statistic.CounterOracleTest"/>
  <testcase name="testInitialState" time="0.0" classname="de.learnlib.filter.statistic.CounterOracleTest"/>
  <testcase name="testFirstQueryBatch" time="0.091" classname="de.learnlib.filter.statistic.CounterOracleTest"/>
  <testcase name="testEmptyQueryBatch" time="0.0" classname="de.learnlib.filter.statistic.CounterOracleTest"/>
  <testcase name="testSecondQueryBatch" time="0.0" classname="de.learnlib.filter.statistic.CounterOracleTest"/>
</testsuite> <!-- Surefire test -->
