<?xml version="1.0" encoding="UTF-8"?>
<testng-results skipped="0" failed="0" ignored="0" total="1" passed="1">
  <reporter-output>
  </reporter-output>
  <suite name="Surefire suite" duration-ms="184" started-at="2018-04-19T08:21:52Z" finished-at="2018-04-19T08:21:53Z">
    <groups>
    </groups>
    <test name="Surefire test" duration-ms="184" started-at="2018-04-19T08:21:52Z" finished-at="2018-04-19T08:21:53Z">
      <class name="de.learnlib.util.ExperimentTest">
        <test-method status="PASS" signature="testExperiment()[pri:0, instance:de.learnlib.util.ExperimentTest@22f71333]" name="testExperiment" duration-ms="157" started-at="2018-04-19T17:21:52Z" finished-at="2018-04-19T17:21:53Z">
          <reporter-output>
          </reporter-output>
        </test-method> <!-- testExperiment -->
      </class> <!-- de.learnlib.util.ExperimentTest -->
    </test> <!-- Surefire test -->
  </suite> <!-- Surefire suite -->
</testng-results>
