<?xml version="1.0" encoding="UTF-8"?>
<!-- Generated by org.testng.reporters.JUnitXMLReporter -->
<testsuite hostname="Junyong" ignored="0" name="Surefire test" tests="2" failures="0" timestamp="19 4월 2018 08:21:57 GMT" time="0.179" errors="0">
  <testcase name="testDFASimulatorOmegaOracle" time="0.153" classname="de.learnlib.oracle.membership.SimulatorOmegaOracleTest"/>
  <testcase name="testDFASimulatorOracle" time="0.001" classname="de.learnlib.oracle.membership.SimulatorOracleTest"/>
</testsuite> <!-- Surefire test -->
