<?xml version="1.0" encoding="UTF-8"?>
<!-- Generated by org.testng.reporters.JUnitReportReporter -->
<testsuite skipped="0" hostname="Junyong" name="de.learnlib.algorithms.lstar.LStarMealyTest" tests="2" failures="0" timestamp="19 4월 2018 08:22:31 GMT" time="0.045" errors="0">
  <testcase name="testOptimizedLStarMealy" time="0.013" classname="de.learnlib.algorithms.lstar.LStarMealyTest"/>
  <testcase name="testClassicLStarMealy" time="0.032" classname="de.learnlib.algorithms.lstar.LStarMealyTest"/>
</testsuite> <!-- de.learnlib.algorithms.lstar.LStarMealyTest -->
