<?xml version="1.0" encoding="UTF-8"?>
<!-- Generated by org.testng.reporters.JUnitReportReporter -->
<testsuite skipped="0" hostname="Junyong" name="de.learnlib.algorithms.lstar.MalerPnueliMealyGrowingAlphabetTest" tests="2" failures="0" timestamp="19 4월 2018 08:22:31 GMT" time="0.005" errors="0">
  <testcase name="testInitialAlphabet" time="0.002" classname="de.learnlib.algorithms.lstar.MalerPnueliMealyGrowingAlphabetTest"/>
  <testcase name="testGrowingAlphabetAlphabet" time="0.003" classname="de.learnlib.algorithms.lstar.MalerPnueliMealyGrowingAlphabetTest"/>
</testsuite> <!-- de.learnlib.algorithms.lstar.MalerPnueliMealyGrowingAlphabetTest -->
