<?xml version="1.0" encoding="UTF-8"?>
<!-- Generated by org.testng.reporters.JUnitReportReporter -->
<testsuite skipped="0" hostname="Junyong" name="de.learnlib.algorithms.lstar.ExtensibleLStarMealyGrowingAlphabetTest" tests="2" failures="0" timestamp="19 4월 2018 08:22:31 GMT" time="0.009" errors="0">
  <testcase name="testGrowingAlphabetAlphabet" time="0.005" classname="de.learnlib.algorithms.lstar.ExtensibleLStarMealyGrowingAlphabetTest"/>
  <testcase name="testInitialAlphabet" time="0.004" classname="de.learnlib.algorithms.lstar.ExtensibleLStarMealyGrowingAlphabetTest"/>
</testsuite> <!-- de.learnlib.algorithms.lstar.ExtensibleLStarMealyGrowingAlphabetTest -->
