<?xml version="1.0" encoding="UTF-8"?>
<!-- Generated by org.testng.reporters.JUnitReportReporter -->
<testsuite skipped="0" hostname="Junyong" name="de.learnlib.algorithms.lstar.ExtensibleLStarDFAGrowingAlphabetTest" tests="2" failures="0" timestamp="19 4월 2018 08:22:31 GMT" time="0.125" errors="0">
  <testcase name="testInitialAlphabet" time="0.012" classname="de.learnlib.algorithms.lstar.ExtensibleLStarDFAGrowingAlphabetTest"/>
  <testcase name="testGrowingAlphabetAlphabet" time="0.113" classname="de.learnlib.algorithms.lstar.ExtensibleLStarDFAGrowingAlphabetTest"/>
</testsuite> <!-- de.learnlib.algorithms.lstar.ExtensibleLStarDFAGrowingAlphabetTest -->
