<?xml version="1.0" encoding="UTF-8"?>
<!-- Generated by org.testng.reporters.JUnitReportReporter -->
<testsuite skipped="0" hostname="Junyong" name="de.learnlib.algorithms.lstar.ExtensibleLStarMealyResumableLearnerTest" tests="1" failures="0" timestamp="19 4월 2018 08:22:31 GMT" time="0.040" errors="0">
  <testcase name="testSuspendAndResumeLearner" time="0.040" classname="de.learnlib.algorithms.lstar.ExtensibleLStarMealyResumableLearnerTest"/>
</testsuite> <!-- de.learnlib.algorithms.lstar.ExtensibleLStarMealyResumableLearnerTest -->
