<?xml version="1.0" encoding="UTF-8"?>
<!-- Generated by org.testng.reporters.JUnitReportReporter -->
<testsuite skipped="0" hostname="Junyong" name="de.learnlib.algorithms.lstar.MalerPnueliDFAGrowingAlphabetTest" tests="2" failures="0" timestamp="19 4월 2018 08:22:31 GMT" time="0.007" errors="0">
  <testcase name="testInitialAlphabet" time="0.003" classname="de.learnlib.algorithms.lstar.MalerPnueliDFAGrowingAlphabetTest"/>
  <testcase name="testGrowingAlphabetAlphabet" time="0.004" classname="de.learnlib.algorithms.lstar.MalerPnueliDFAGrowingAlphabetTest"/>
</testsuite> <!-- de.learnlib.algorithms.lstar.MalerPnueliDFAGrowingAlphabetTest -->
