<?xml version="1.0" encoding="UTF-8"?>
<testng-results skipped="0" failed="0" ignored="0" total="4" passed="4">
  <reporter-output>
  </reporter-output>
  <suite name="Surefire suite" duration-ms="441" started-at="2018-04-19T08:22:08Z" finished-at="2018-04-19T08:22:08Z">
    <groups>
    </groups>
    <test name="Surefire test" duration-ms="441" started-at="2018-04-19T08:22:08Z" finished-at="2018-04-19T08:22:08Z">
      <class name="de.learnlib.algorithms.adt.learner.ADTGrowingAlphabetTest">
        <test-method status="PASS" signature="setup()[pri:0, instance:de.learnlib.algorithms.adt.learner.ADTGrowingAlphabetTest@13c78c0b]" name="setup" is-config="true" duration-ms="52" started-at="2018-04-19T17:22:08Z" finished-at="2018-04-19T17:22:08Z">
          <reporter-output>
          </reporter-output>
        </test-method> <!-- setup -->
        <test-method status="PASS" signature="testGrowingAlphabetAlphabet()[pri:0, instance:de.learnlib.algorithms.adt.learner.ADTGrowingAlphabetTest@13c78c0b]" name="testGrowingAlphabetAlphabet" duration-ms="162" started-at="2018-04-19T17:22:08Z" finished-at="2018-04-19T17:22:08Z">
          <reporter-output>
          </reporter-output>
        </test-method> <!-- testGrowingAlphabetAlphabet -->
        <test-method status="PASS" signature="testInitialAlphabet()[pri:0, instance:de.learnlib.algorithms.adt.learner.ADTGrowingAlphabetTest@13c78c0b]" name="testInitialAlphabet" duration-ms="15" started-at="2018-04-19T17:22:08Z" finished-at="2018-04-19T17:22:08Z">
          <reporter-output>
          </reporter-output>
        </test-method> <!-- testInitialAlphabet -->
      </class> <!-- de.learnlib.algorithms.adt.learner.ADTGrowingAlphabetTest -->
      <class name="de.learnlib.algorithms.adt.learner.ADTResumableLearnerTest">
        <test-method status="PASS" signature="setup()[pri:0, instance:de.learnlib.algorithms.adt.learner.ADTResumableLearnerTest@12843fce]" name="setup" is-config="true" duration-ms="5" started-at="2018-04-19T17:22:08Z" finished-at="2018-04-19T17:22:08Z">
          <reporter-output>
          </reporter-output>
        </test-method> <!-- setup -->
        <test-method status="PASS" signature="testSuspendAndResumeLearner()[pri:0, instance:de.learnlib.algorithms.adt.learner.ADTResumableLearnerTest@12843fce]" name="testSuspendAndResumeLearner" duration-ms="103" started-at="2018-04-19T17:22:08Z" finished-at="2018-04-19T17:22:08Z">
          <reporter-output>
          </reporter-output>
        </test-method> <!-- testSuspendAndResumeLearner -->
      </class> <!-- de.learnlib.algorithms.adt.learner.ADTResumableLearnerTest -->
      <class name="de.learnlib.algorithms.adt.automaton.ADTHypothesisTest">
        <test-method status="PASS" signature="testAutomaton()[pri:0, instance:de.learnlib.algorithms.adt.automaton.ADTHypothesisTest@2cb4c3ab]" name="testAutomaton" duration-ms="78" started-at="2018-04-19T17:22:08Z" finished-at="2018-04-19T17:22:08Z">
          <reporter-output>
          </reporter-output>
        </test-method> <!-- testAutomaton -->
      </class> <!-- de.learnlib.algorithms.adt.automaton.ADTHypothesisTest -->
    </test> <!-- Surefire test -->
  </suite> <!-- Surefire suite -->
</testng-results>
