<?xml version="1.0" encoding="UTF-8"?>
<!-- Generated by org.testng.reporters.JUnitXMLReporter -->
<testsuite hostname="Junyong" ignored="0" name="Surefire test" tests="21" failures="0" timestamp="19 4월 2018 08:22:30 GMT" time="0.906" errors="0">
  <testcase name="testGrowingAlphabetAlphabet" time="0.113" classname="de.learnlib.testsupport.AbstractGrowingAlphabetTest"/>
  <testcase name="testInitialAlphabet" time="0.012" classname="de.learnlib.testsupport.AbstractGrowingAlphabetTest"/>
  <testcase name="testLStar" time="0.351" classname="de.learnlib.algorithms.lstar.LStarDFATest"/>
  <testcase name="testSuspendAndResumeLearner" time="0.075" classname="de.learnlib.testsupport.AbstractResumableLearnerTest"/>
  <testcase name="testClassicLStarMealy" time="0.032" classname="de.learnlib.algorithms.lstar.LStarMealyTest"/>
  <testcase name="testOptimizedLStarMealy" time="0.013" classname="de.learnlib.algorithms.lstar.LStarMealyTest"/>
  <testcase name="testGrowingAlphabetAlphabet" time="0.005" classname="de.learnlib.testsupport.AbstractGrowingAlphabetTest"/>
  <testcase name="testGrowingAlphabetAlphabet" time="0.004" classname="de.learnlib.testsupport.AbstractGrowingAlphabetTest"/>
  <testcase name="testInitialAlphabet" time="0.004" classname="de.learnlib.testsupport.AbstractGrowingAlphabetTest"/>
  <testcase name="testInitialAlphabet" time="0.003" classname="de.learnlib.testsupport.AbstractGrowingAlphabetTest"/>
  <testcase name="testSuspendAndResumeLearner" time="0.04" classname="de.learnlib.testsupport.AbstractResumableLearnerTest"/>
  <testcase name="testSuspendAndResumeLearner" time="0.012" classname="de.learnlib.testsupport.AbstractResumableLearnerTest"/>
  <testcase name="testGrowingAlphabetAlphabet" time="0.003" classname="de.learnlib.testsupport.AbstractGrowingAlphabetTest"/>
  <testcase name="testInitialAlphabet" time="0.002" classname="de.learnlib.testsupport.AbstractGrowingAlphabetTest"/>
  <testcase name="testSuspendAndResumeLearner" time="0.019" classname="de.learnlib.testsupport.AbstractResumableLearnerTest"/>
  <testcase name="testGrowingAlphabetAlphabet" time="0.002" classname="de.learnlib.testsupport.AbstractGrowingAlphabetTest"/>
  <testcase name="testInitialAlphabet" time="0.002" classname="de.learnlib.testsupport.AbstractGrowingAlphabetTest"/>
  <testcase name="testSuspendAndResumeLearner" time="0.013" classname="de.learnlib.testsupport.AbstractResumableLearnerTest"/>
  <testcase name="testGrowingAlphabetAlphabet" time="0.003" classname="de.learnlib.testsupport.AbstractGrowingAlphabetTest"/>
  <testcase name="testInitialAlphabet" time="0.002" classname="de.learnlib.testsupport.AbstractGrowingAlphabetTest"/>
  <testcase name="testSuspendAndResumeLearner" time="0.016" classname="de.learnlib.testsupport.AbstractResumableLearnerTest"/>
</testsuite> <!-- Surefire test -->
