<?xml version="1.0" encoding="UTF-8"?>
<!-- Generated by org.testng.reporters.JUnitXMLReporter -->
<testsuite hostname="Junyong" ignored="0" name="Surefire test" tests="6" failures="0" timestamp="19 4월 2018 08:22:17 GMT" time="0.41" errors="0">
  <testcase name="testGrowingAlphabetAlphabet" time="0.115" classname="de.learnlib.testsupport.AbstractGrowingAlphabetTest"/>
  <testcase name="testInitialAlphabet" time="0.012" classname="de.learnlib.testsupport.AbstractGrowingAlphabetTest"/>
  <testcase name="testSuspendAndResumeLearner" time="0.077" classname="de.learnlib.testsupport.AbstractResumableLearnerTest"/>
  <testcase name="testGrowingAlphabetAlphabet" time="0.012" classname="de.learnlib.testsupport.AbstractGrowingAlphabetTest"/>
  <testcase name="testInitialAlphabet" time="0.006" classname="de.learnlib.testsupport.AbstractGrowingAlphabetTest"/>
  <testcase name="testSuspendAndResumeLearner" time="0.013" classname="de.learnlib.testsupport.AbstractResumableLearnerTest"/>
</testsuite> <!-- Surefire test -->
