<?xml version="1.0" encoding="UTF-8"?>
<!-- Generated by org.testng.reporters.JUnitXMLReporter -->
<testsuite hostname="Junyong" ignored="0" name="Surefire test" tests="12" failures="0" timestamp="19 4월 2018 08:23:04 GMT" time="0.292" errors="0">
  <testcase name="testPumpSymbolsSimple" time="0.058" classname="de.learnlib.filter.reuse.test.DomainKnowledgeTest"/>
  <testcase name="testReuseNodePrefixWhileReusing" time="0.002" classname="de.learnlib.filter.reuse.test.DomainKnowledgeTest"/>
  <testcase name="testPumpSymbolsComplex" time="0.0" classname="de.learnlib.filter.reuse.test.DomainKnowledgeTest"/>
  <testcase name="simpleTest" time="0.074" classname="de.learnlib.filter.reuse.test.LearningTest"/>
  <testcase name="simpleTest" time="0.002" classname="de.learnlib.filter.reuse.test.QuiescenceTest"/>
  <testcase name="testConflictException" time="0.001" classname="de.learnlib.filter.reuse.test.ReuseOracleTest"/>
  <testcase name="testNoReusePossible" time="0.0" classname="de.learnlib.filter.reuse.test.ReuseOracleTest"/>
  <testcase name="testReusePossible" time="0.0" classname="de.learnlib.filter.reuse.test.ReuseOracleTest"/>
  <testcase name="testTreeIsEmpty" time="0.0" classname="de.learnlib.filter.reuse.test.ReuseOracleTest"/>
  <testcase name="testReusePossibleWithInvalidation" time="0.0" classname="de.learnlib.filter.reuse.test.ReuseOracleTest"/>
  <testcase name="testTreeIsAbleToCache" time="0.0" classname="de.learnlib.filter.reuse.test.ReuseOracleTest"/>
  <testcase name="testTreeDoesNotPump" time="0.0" classname="de.learnlib.filter.reuse.test.ReuseOracleTest"/>
</testsuite> <!-- Surefire test -->
