<?xml version="1.0" encoding="UTF-8"?>
<testng-results skipped="0" failed="0" ignored="0" total="1" passed="1">
  <reporter-output>
  </reporter-output>
  <suite name="Surefire suite" duration-ms="166" started-at="2018-04-19T08:22:44Z" finished-at="2018-04-19T08:22:44Z">
    <groups>
    </groups>
    <test name="Surefire test" duration-ms="166" started-at="2018-04-19T08:22:44Z" finished-at="2018-04-19T08:22:44Z">
      <class name="de.learnlib.algorithms.rpni.EDSMScoreTest">
        <test-method status="PASS" signature="setUp()[pri:0, instance:de.learnlib.algorithms.rpni.EDSMScoreTest@5315b42e]" name="setUp" is-config="true" duration-ms="108" started-at="2018-04-19T17:22:44Z" finished-at="2018-04-19T17:22:44Z">
          <reporter-output>
          </reporter-output>
        </test-method> <!-- setUp -->
        <test-method status="PASS" signature="testValue()[pri:0, instance:de.learnlib.algorithms.rpni.EDSMScoreTest@5315b42e]" name="testValue" duration-ms="41" started-at="2018-04-19T17:22:44Z" finished-at="2018-04-19T17:22:44Z">
          <reporter-output>
          </reporter-output>
        </test-method> <!-- testValue -->
      </class> <!-- de.learnlib.algorithms.rpni.EDSMScoreTest -->
    </test> <!-- Surefire test -->
  </suite> <!-- Surefire suite -->
</testng-results>
