<?xml version="1.0" encoding="UTF-8"?>
<!-- Generated by org.testng.reporters.JUnitReportReporter -->
<testsuite skipped="0" hostname="Junyong" name="de.learnlib.algorithms.kv.mealy.KearnsVaziraniMealyGrowingAlphabetTest" tests="2" failures="0" timestamp="19 4월 2018 08:22:22 GMT" time="0.019" errors="0">
  <testcase name="testGrowingAlphabetAlphabet" time="0.014" classname="de.learnlib.algorithms.kv.mealy.KearnsVaziraniMealyGrowingAlphabetTest"/>
  <testcase name="testInitialAlphabet" time="0.005" classname="de.learnlib.algorithms.kv.mealy.KearnsVaziraniMealyGrowingAlphabetTest"/>
</testsuite> <!-- de.learnlib.algorithms.kv.mealy.KearnsVaziraniMealyGrowingAlphabetTest -->
