<?xml version="1.0" encoding="UTF-8"?>
<!-- Generated by org.testng.reporters.JUnitReportReporter -->
<testsuite skipped="0" hostname="Junyong" name="de.learnlib.algorithms.kv.dfa.KearnsVaziraniDFAGrowingAlphabetTest" tests="2" failures="0" timestamp="19 4월 2018 08:22:22 GMT" time="0.095" errors="0">
  <testcase name="testGrowingAlphabetAlphabet" time="0.087" classname="de.learnlib.algorithms.kv.dfa.KearnsVaziraniDFAGrowingAlphabetTest"/>
  <testcase name="testInitialAlphabet" time="0.008" classname="de.learnlib.algorithms.kv.dfa.KearnsVaziraniDFAGrowingAlphabetTest"/>
</testsuite> <!-- de.learnlib.algorithms.kv.dfa.KearnsVaziraniDFAGrowingAlphabetTest -->
