<?xml version="1.0" encoding="UTF-8"?>
<testng-results skipped="0" failed="0" ignored="0" total="8" passed="8">
  <reporter-output>
  </reporter-output>
  <suite name="Surefire suite" duration-ms="398" started-at="2018-04-19T08:22:11Z" finished-at="2018-04-19T08:22:12Z">
    <groups>
    </groups>
    <test name="Surefire test" duration-ms="398" started-at="2018-04-19T08:22:11Z" finished-at="2018-04-19T08:22:12Z">
      <class name="de.learnlib.algorithms.dhc.mealy.MealyDHCResumableLearnerTest">
        <test-method status="PASS" signature="setup()[pri:0, instance:de.learnlib.algorithms.dhc.mealy.MealyDHCResumableLearnerTest@458ad742]" name="setup" is-config="true" duration-ms="5" started-at="2018-04-19T17:22:12Z" finished-at="2018-04-19T17:22:12Z">
          <reporter-output>
          </reporter-output>
        </test-method> <!-- setup -->
        <test-method status="PASS" signature="testSuspendAndResumeLearner()[pri:0, instance:de.learnlib.algorithms.dhc.mealy.MealyDHCResumableLearnerTest@458ad742]" name="testSuspendAndResumeLearner" duration-ms="48" started-at="2018-04-19T17:22:12Z" finished-at="2018-04-19T17:22:12Z">
          <reporter-output>
          </reporter-output>
        </test-method> <!-- testSuspendAndResumeLearner -->
      </class> <!-- de.learnlib.algorithms.dhc.mealy.MealyDHCResumableLearnerTest -->
      <class name="de.learnlib.algorithms.dhc.mealy.MealyDHCGrowingAlphabetTest">
        <test-method status="PASS" signature="setup()[pri:0, instance:de.learnlib.algorithms.dhc.mealy.MealyDHCGrowingAlphabetTest@2344fc66]" name="setup" is-config="true" duration-ms="121" started-at="2018-04-19T17:22:11Z" finished-at="2018-04-19T17:22:11Z">
          <reporter-output>
          </reporter-output>
        </test-method> <!-- setup -->
        <test-method status="PASS" signature="testGrowingAlphabetAlphabet()[pri:0, instance:de.learnlib.algorithms.dhc.mealy.MealyDHCGrowingAlphabetTest@2344fc66]" name="testGrowingAlphabetAlphabet" duration-ms="121" started-at="2018-04-19T17:22:11Z" finished-at="2018-04-19T17:22:11Z">
          <reporter-output>
          </reporter-output>
        </test-method> <!-- testGrowingAlphabetAlphabet -->
        <test-method status="PASS" signature="testInitialAlphabet()[pri:0, instance:de.learnlib.algorithms.dhc.mealy.MealyDHCGrowingAlphabetTest@2344fc66]" name="testInitialAlphabet" duration-ms="22" started-at="2018-04-19T17:22:11Z" finished-at="2018-04-19T17:22:12Z">
          <reporter-output>
          </reporter-output>
        </test-method> <!-- testInitialAlphabet -->
      </class> <!-- de.learnlib.algorithms.dhc.mealy.MealyDHCGrowingAlphabetTest -->
      <class name="de.learnlib.algorithms.dhc.mealy.MealyDHCTest">
        <test-method status="PASS" signature="testMealyDHCCoffee()[pri:0, instance:de.learnlib.algorithms.dhc.mealy.MealyDHCTest@5afa04c]" name="testMealyDHCCoffee" duration-ms="15" started-at="2018-04-19T17:22:12Z" finished-at="2018-04-19T17:22:12Z">
          <reporter-output>
          </reporter-output>
        </test-method> <!-- testMealyDHCCoffee -->
        <test-method status="PASS" signature="testMealyDHCGrid()[pri:0, instance:de.learnlib.algorithms.dhc.mealy.MealyDHCTest@5afa04c]" name="testMealyDHCGrid" duration-ms="4" started-at="2018-04-19T17:22:12Z" finished-at="2018-04-19T17:22:12Z">
          <reporter-output>
          </reporter-output>
        </test-method> <!-- testMealyDHCGrid -->
        <test-method status="PASS" signature="testMealyDHCInternalSate()[pri:0, instance:de.learnlib.algorithms.dhc.mealy.MealyDHCTest@5afa04c]" name="testMealyDHCInternalSate" duration-ms="2" started-at="2018-04-19T17:22:12Z" finished-at="2018-04-19T17:22:12Z">
          <exception class="java.lang.IllegalStateException">
            <message>
              <![CDATA[No hypothesis learned yet]]>
            </message>
            <full-stacktrace>
              <![CDATA[java.lang.IllegalStateException: No hypothesis learned yet
	at de.learnlib.algorithms.dhc.mealy.MealyDHC.checkInternalState(MealyDHC.java:126)
	at de.learnlib.algorithms.dhc.mealy.MealyDHC.getHypothesisModel(MealyDHC.java:247)
	at de.learnlib.algorithms.dhc.mealy.MealyDHCTest.testMealyDHCInternalSate(MealyDHCTest.java:57)
	at sun.reflect.NativeMethodAccessorImpl.invoke0(Native Method)
	at sun.reflect.NativeMethodAccessorImpl.invoke(NativeMethodAccessorImpl.java:62)
	at sun.reflect.DelegatingMethodAccessorImpl.invoke(DelegatingMethodAccessorImpl.java:43)
	at java.lang.reflect.Method.invoke(Method.java:498)
	at org.testng.internal.MethodInvocationHelper.invokeMethod(MethodInvocationHelper.java:108)
	at org.testng.internal.Invoker.invokeMethod(Invoker.java:661)
	at org.testng.internal.Invoker.invokeTestMethod(Invoker.java:869)
	at org.testng.internal.Invoker.invokeTestMethods(Invoker.java:1193)
	at org.testng.internal.TestMethodWorker.invokeTestMethods(TestMethodWorker.java:126)
	at org.testng.internal.TestMethodWorker.run(TestMethodWorker.java:109)
	at org.testng.TestRunner.privateRun(TestRunner.java:744)
	at org.testng.TestRunner.run(TestRunner.java:602)
	at org.testng.SuiteRunner.runTest(SuiteRunner.java:380)
	at org.testng.SuiteRunner.runSequentially(SuiteRunner.java:375)
	at org.testng.SuiteRunner.privateRun(SuiteRunner.java:340)
	at org.testng.SuiteRunner.run(SuiteRunner.java:289)
	at org.testng.SuiteRunnerWorker.runSuite(SuiteRunnerWorker.java:52)
	at org.testng.SuiteRunnerWorker.run(SuiteRunnerWorker.java:86)
	at org.testng.TestNG.runSuitesSequentially(TestNG.java:1301)
	at org.testng.TestNG.runSuitesLocally(TestNG.java:1226)
	at org.testng.TestNG.runSuites(TestNG.java:1144)
	at org.testng.TestNG.run(TestNG.java:1115)
	at org.apache.maven.surefire.testng.TestNGExecutor.run(TestNGExecutor.java:135)
	at org.apache.maven.surefire.testng.TestNGDirectoryTestSuite.executeMulti(TestNGDirectoryTestSuite.java:193)
	at org.apache.maven.surefire.testng.TestNGDirectoryTestSuite.execute(TestNGDirectoryTestSuite.java:94)
	at org.apache.maven.surefire.testng.TestNGProvider.invoke(TestNGProvider.java:146)
	at org.apache.maven.surefire.booter.ForkedBooter.invokeProviderInSameClassLoader(ForkedBooter.java:386)
	at org.apache.maven.surefire.booter.ForkedBooter.runSuitesInProcess(ForkedBooter.java:323)
	at org.apache.maven.surefire.booter.ForkedBooter.main(ForkedBooter.java:143)
]]>
            </full-stacktrace>
          </exception> <!-- java.lang.IllegalStateException -->
          <reporter-output>
          </reporter-output>
        </test-method> <!-- testMealyDHCInternalSate -->
        <test-method status="PASS" signature="testMealyDHCRandom()[pri:0, instance:de.learnlib.algorithms.dhc.mealy.MealyDHCTest@5afa04c]" name="testMealyDHCRandom" duration-ms="36" started-at="2018-04-19T17:22:12Z" finished-at="2018-04-19T17:22:12Z">
          <reporter-output>
          </reporter-output>
        </test-method> <!-- testMealyDHCRandom -->
        <test-method status="PASS" signature="testMealyDHCStack()[pri:0, instance:de.learnlib.algorithms.dhc.mealy.MealyDHCTest@5afa04c]" name="testMealyDHCStack" duration-ms="1" started-at="2018-04-19T17:22:12Z" finished-at="2018-04-19T17:22:12Z">
          <reporter-output>
          </reporter-output>
        </test-method> <!-- testMealyDHCStack -->
      </class> <!-- de.learnlib.algorithms.dhc.mealy.MealyDHCTest -->
    </test> <!-- Surefire test -->
  </suite> <!-- Surefire suite -->
</testng-results>
