<?xml version="1.0" encoding="UTF-8"?>
<!-- Generated by org.testng.reporters.JUnitReportReporter -->
<testsuite skipped="0" hostname="Junyong" name="de.learnlib.oracle.parallelism.StaticParallelOracleTest" tests="5" failures="0" timestamp="19 4월 2018 08:23:07 GMT" time="0.016" errors="0">
  <testcase name="testLessThanTwoBatches" time="0.000" classname="de.learnlib.oracle.parallelism.StaticParallelOracleTest"/>
  <testcase name="testMin" time="0.000" classname="de.learnlib.oracle.parallelism.StaticParallelOracleTest"/>
  <testcase name="testLessThanSixBatches" time="0.001" classname="de.learnlib.oracle.parallelism.StaticParallelOracleTest"/>
  <testcase name="testFullLoad" time="0.015" classname="de.learnlib.oracle.parallelism.StaticParallelOracleTest"/>
  <testcase name="testLessThanMin" time="0.000" classname="de.learnlib.oracle.parallelism.StaticParallelOracleTest"/>
</testsuite> <!-- de.learnlib.oracle.parallelism.StaticParallelOracleTest -->
