<?xml version="1.0" encoding="UTF-8"?>
<!-- Generated by org.testng.reporters.JUnitReportReporter -->
<testsuite skipped="0" hostname="Junyong" name="de.learnlib.drivers.reflect.ObjectTest" tests="2" failures="0" timestamp="19 4월 2018 08:22:49 GMT" time="0.138" errors="0">
  <testcase name="testDriver" time="0.136" classname="de.learnlib.drivers.reflect.ObjectTest"/>
  <testcase name="testDriver2" time="0.002" classname="de.learnlib.drivers.reflect.ObjectTest"/>
</testsuite> <!-- de.learnlib.drivers.reflect.ObjectTest -->
