<?xml version="1.0" encoding="UTF-8"?>
<!-- Generated by org.testng.reporters.JUnitReportReporter -->
<testsuite skipped="0" hostname="Junyong" name="de.learnlib.algorithms.rpni.MDLScoreTest" tests="2" failures="0" timestamp="19 4월 2018 08:22:46 GMT" time="0.104" errors="0">
  <testcase name="testPTAValue" time="0.001" classname="de.learnlib.algorithms.rpni.MDLScoreTest"/>
  <testcase name="testFinalHypothesis" time="0.103" classname="de.learnlib.algorithms.rpni.MDLScoreTest"/>
</testsuite> <!-- de.learnlib.algorithms.rpni.MDLScoreTest -->
