<?xml version="1.0" encoding="UTF-8"?>
<!-- Generated by org.testng.reporters.JUnitReportReporter -->
<testsuite skipped="0" hostname="Junyong" name="de.learnlib.oracle.blackbox.ModelCheckingBBPropertyTest" tests="4" failures="0" timestamp="19 4월 2018 08:22:57 GMT" time="0.180" errors="0">
  <testcase name="testFindCounterExampleUncached" time="0.176" classname="de.learnlib.oracle.blackbox.ModelCheckingBBPropertyTest"/>
  <testcase name="testDisproveCached" time="0.002" classname="de.learnlib.oracle.blackbox.ModelCheckingBBPropertyTest"/>
  <testcase name="testFindCounterExampleCached" time="0.001" classname="de.learnlib.oracle.blackbox.ModelCheckingBBPropertyTest"/>
  <testcase name="testDisproveUncached" time="0.001" classname="de.learnlib.oracle.blackbox.ModelCheckingBBPropertyTest"/>
</testsuite> <!-- de.learnlib.oracle.blackbox.ModelCheckingBBPropertyTest -->
