<?xml version="1.0" encoding="UTF-8"?>
<!-- Generated by org.testng.reporters.JUnitReportReporter -->
<testsuite skipped="0" hostname="Junyong" name="de.learnlib.oracle.inclusion.AbstractBreadthFirstInclusionOracleTest$MealyBreadthFirstInclusionOracleTest" tests="5" failures="0" timestamp="19 4월 2018 08:22:57 GMT" time="0.004" errors="0">
  <testcase name="testAddWord" time="0.001" classname="de.learnlib.oracle.inclusion.AbstractBreadthFirstInclusionOracleTest$MealyBreadthFirstInclusionOracleTest"/>
  <testcase name="testGetMaxWords" time="0.001" classname="de.learnlib.oracle.inclusion.AbstractBreadthFirstInclusionOracleTest$MealyBreadthFirstInclusionOracleTest"/>
  <testcase name="testNextInput" time="0.001" classname="de.learnlib.oracle.inclusion.AbstractBreadthFirstInclusionOracleTest$MealyBreadthFirstInclusionOracleTest"/>
  <testcase name="testFindCounterExample" time="0.000" classname="de.learnlib.oracle.inclusion.AbstractBreadthFirstInclusionOracleTest$MealyBreadthFirstInclusionOracleTest"/>
  <testcase name="testPre" time="0.001" classname="de.learnlib.oracle.inclusion.AbstractBreadthFirstInclusionOracleTest$MealyBreadthFirstInclusionOracleTest"/>
</testsuite> <!-- de.learnlib.oracle.inclusion.AbstractBreadthFirstInclusionOracleTest$MealyBreadthFirstInclusionOracleTest -->
