<?xml version="1.0" encoding="UTF-8"?>
<!-- Generated by org.testng.reporters.JUnitReportReporter -->
<testsuite skipped="0" hostname="Junyong" name="de.learnlib.oracle.emptiness.AbstractBreadthFirstEmptinessOracleTest$DFABFEmptinessOracleTest" tests="5" failures="0" timestamp="19 4월 2018 08:22:57 GMT" time="0.191" errors="0">
  <testcase name="testNextInput" time="0.001" classname="de.learnlib.oracle.emptiness.AbstractBreadthFirstEmptinessOracleTest$DFABFEmptinessOracleTest"/>
  <testcase name="testFindCounterExample" time="0.005" classname="de.learnlib.oracle.emptiness.AbstractBreadthFirstEmptinessOracleTest$DFABFEmptinessOracleTest"/>
  <testcase name="testGetMaxWords" time="0.001" classname="de.learnlib.oracle.emptiness.AbstractBreadthFirstEmptinessOracleTest$DFABFEmptinessOracleTest"/>
  <testcase name="testPre" time="0.001" classname="de.learnlib.oracle.emptiness.AbstractBreadthFirstEmptinessOracleTest$DFABFEmptinessOracleTest"/>
  <testcase name="testAddWord" time="0.183" classname="de.learnlib.oracle.emptiness.AbstractBreadthFirstEmptinessOracleTest$DFABFEmptinessOracleTest"/>
</testsuite> <!-- de.learnlib.oracle.emptiness.AbstractBreadthFirstEmptinessOracleTest$DFABFEmptinessOracleTest -->
