<?xml version="1.0" encoding="UTF-8"?>
<!-- Generated by org.testng.reporters.JUnitReportReporter -->
<testsuite skipped="0" hostname="Junyong" name="de.learnlib.oracle.blackbox.DisproveFirstBBOracleTest" tests="3" failures="0" timestamp="19 4월 2018 08:22:57 GMT" time="0.002" errors="0">
  <testcase name="testCache" time="0.001" classname="de.learnlib.oracle.blackbox.DisproveFirstBBOracleTest"/>
  <testcase name="testAmount" time="0.001" classname="de.learnlib.oracle.blackbox.DisproveFirstBBOracleTest"/>
  <testcase name="testFindCounterExample" time="0.000" classname="de.learnlib.oracle.blackbox.DisproveFirstBBOracleTest"/>
</testsuite> <!-- de.learnlib.oracle.blackbox.DisproveFirstBBOracleTest -->
