<?xml version="1.0" encoding="UTF-8"?>
<!-- Generated by org.testng.reporters.JUnitReportReporter -->
<testsuite skipped="0" hostname="Junyong" name="de.learnlib.oracle.blackbox.CExFirstBBOracleTest" tests="3" failures="0" timestamp="19 4월 2018 08:22:57 GMT" time="0.958" errors="0">
  <testcase name="testAmount" time="0.004" classname="de.learnlib.oracle.blackbox.CExFirstBBOracleTest"/>
  <testcase name="testCache" time="0.011" classname="de.learnlib.oracle.blackbox.CExFirstBBOracleTest"/>
  <testcase name="testFindCounterExample" time="0.943" classname="de.learnlib.oracle.blackbox.CExFirstBBOracleTest"/>
</testsuite> <!-- de.learnlib.oracle.blackbox.CExFirstBBOracleTest -->
