<?xml version="1.0" encoding="UTF-8"?>
<!-- Generated by org.testng.reporters.JUnitXMLReporter -->
<testsuite hostname="Junyong" ignored="0" name="Surefire test" tests="13" failures="0" timestamp="19 4월 2018 08:21:39 GMT" time="0.276" errors="0">
  <testcase name="testGetLoop" time="0.003" classname="de.learnlib.api.modelchecking.counterexample.AbstractLassoTest"/>
  <testcase name="testGetLoopBeginIndices" time="0.001" classname="de.learnlib.api.modelchecking.counterexample.AbstractLassoTest"/>
  <testcase name="testGetPrefix" time="0.001" classname="de.learnlib.api.modelchecking.counterexample.AbstractLassoTest"/>
  <testcase name="testGetWord" time="0.001" classname="de.learnlib.api.modelchecking.counterexample.AbstractLassoTest"/>
  <testcase name="testGetOutput" time="0.0" classname="de.learnlib.api.modelchecking.counterexample.DFALassoTest"/>
  <testcase name="testGetLogger" time="0.003" classname="de.learnlib.api.logging.LearnLoggerTest"/>
  <testcase name="testLogPhase" time="0.037" classname="de.learnlib.api.logging.LearnLoggerTest"/>
  <testcase name="testLogQuery" time="0.001" classname="de.learnlib.api.logging.LearnLoggerTest"/>
  <testcase name="testGetLoop" time="0.0" classname="de.learnlib.api.modelchecking.counterexample.AbstractLassoTest"/>
  <testcase name="testGetLoopBeginIndices" time="0.0" classname="de.learnlib.api.modelchecking.counterexample.AbstractLassoTest"/>
  <testcase name="testGetPrefix" time="0.0" classname="de.learnlib.api.modelchecking.counterexample.AbstractLassoTest"/>
  <testcase name="testGetWord" time="0.0" classname="de.learnlib.api.modelchecking.counterexample.AbstractLassoTest"/>
  <testcase name="testGetOutput" time="0.0" classname="de.learnlib.api.modelchecking.counterexample.MealyLassoTest"/>
</testsuite> <!-- Surefire test -->
