<?xml version="1.0" encoding="UTF-8"?>
<!-- Generated by org.testng.reporters.JUnitXMLReporter -->
<testsuite hostname="Junyong" ignored="0" name="Surefire test" tests="6" failures="0" timestamp="19 4월 2018 08:22:22 GMT" time="0.398" errors="0">
  <testcase name="testGrowingAlphabetAlphabet" time="0.087" classname="de.learnlib.testsupport.AbstractGrowingAlphabetTest"/>
  <testcase name="testInitialAlphabet" time="0.008" classname="de.learnlib.testsupport.AbstractGrowingAlphabetTest"/>
  <testcase name="testSuspendAndResumeLearner" time="0.08" classname="de.learnlib.testsupport.AbstractResumableLearnerTest"/>
  <testcase name="testGrowingAlphabetAlphabet" time="0.014" classname="de.learnlib.testsupport.AbstractGrowingAlphabetTest"/>
  <testcase name="testInitialAlphabet" time="0.005" classname="de.learnlib.testsupport.AbstractGrowingAlphabetTest"/>
  <testcase name="testSuspendAndResumeLearner" time="0.02" classname="de.learnlib.testsupport.AbstractResumableLearnerTest"/>
</testsuite> <!-- Surefire test -->
