<?xml version="1.0" encoding="UTF-8"?>
<!-- Generated by org.testng.reporters.JUnitReportReporter -->
<testsuite skipped="0" hostname="Junyong" name="de.learnlib.filter.reuse.test.ReuseOracleTest" tests="7" failures="0" timestamp="19 4월 2018 08:23:04 GMT" time="0.007" errors="0">
  <testcase name="testTreeIsAbleToCache" time="0.001" classname="de.learnlib.filter.reuse.test.ReuseOracleTest"/>
  <testcase name="testConflictException" time="0.001" classname="de.learnlib.filter.reuse.test.ReuseOracleTest"/>
  <testcase name="testTreeIsEmpty" time="0.001" classname="de.learnlib.filter.reuse.test.ReuseOracleTest"/>
  <testcase name="testReusePossibleWithInvalidation" time="0.001" classname="de.learnlib.filter.reuse.test.ReuseOracleTest"/>
  <testcase name="testTreeDoesNotPump" time="0.001" classname="de.learnlib.filter.reuse.test.ReuseOracleTest"/>
  <testcase name="testNoReusePossible" time="0.001" classname="de.learnlib.filter.reuse.test.ReuseOracleTest"/>
  <testcase name="testReusePossible" time="0.001" classname="de.learnlib.filter.reuse.test.ReuseOracleTest"/>
</testsuite> <!-- de.learnlib.filter.reuse.test.ReuseOracleTest -->
