<?xml version="1.0" encoding="UTF-8"?>
<!-- Generated by org.testng.reporters.JUnitReportReporter -->
<testsuite skipped="0" hostname="Junyong" name="de.learnlib.filter.statistic.CounterOracleTest" tests="5" failures="0" timestamp="19 4월 2018 08:21:50 GMT" time="0.111" errors="0">
  <testcase name="testSecondQueryBatch" time="0.001" classname="de.learnlib.filter.statistic.CounterOracleTest"/>
  <testcase name="testFirstQueryBatch" time="0.091" classname="de.learnlib.filter.statistic.CounterOracleTest"/>
  <testcase name="testEmptyQueryBatch" time="0.000" classname="de.learnlib.filter.statistic.CounterOracleTest"/>
  <testcase name="testGetName" time="0.019" classname="de.learnlib.filter.statistic.CounterOracleTest"/>
  <testcase name="testInitialState" time="0.000" classname="de.learnlib.filter.statistic.CounterOracleTest"/>
</testsuite> <!-- de.learnlib.filter.statistic.CounterOracleTest -->
