<?xml version="1.0" encoding="UTF-8"?>
<!-- Generated by org.testng.reporters.JUnitXMLReporter -->
<testsuite hostname="Junyong" ignored="0" name="Surefire test" tests="4" failures="0" timestamp="19 4월 2018 08:22:08 GMT" time="0.441" errors="0">
  <testcase name="testAutomaton" time="0.078" classname="de.learnlib.algorithms.adt.automaton.ADTHypothesisTest"/>
  <testcase name="testGrowingAlphabetAlphabet" time="0.162" classname="de.learnlib.testsupport.AbstractGrowingAlphabetTest"/>
  <testcase name="testInitialAlphabet" time="0.015" classname="de.learnlib.testsupport.AbstractGrowingAlphabetTest"/>
  <testcase name="testSuspendAndResumeLearner" time="0.103" classname="de.learnlib.testsupport.AbstractResumableLearnerTest"/>
</testsuite> <!-- Surefire test -->
