<?xml version="1.0" encoding="UTF-8"?>
<!-- Generated by org.testng.reporters.JUnitReportReporter -->
<testsuite skipped="0" hostname="Junyong" name="de.learnlib.acex.analyzers.AnalyzersTest" tests="18" failures="0" timestamp="19 4월 2018 08:21:43 GMT" time="0.019" errors="0">
  <testcase name="testOne0" time="0.000" classname="de.learnlib.acex.analyzers.AnalyzersTest"/>
  <testcase name="testOne0" time="0.001" classname="de.learnlib.acex.analyzers.AnalyzersTest"/>
  <testcase name="testRandom" time="0.000" classname="de.learnlib.acex.analyzers.AnalyzersTest"/>
  <testcase name="testRandom" time="0.001" classname="de.learnlib.acex.analyzers.AnalyzersTest"/>
  <testcase name="testRandom" time="0.001" classname="de.learnlib.acex.analyzers.AnalyzersTest"/>
  <testcase name="testOne1" time="0.000" classname="de.learnlib.acex.analyzers.AnalyzersTest"/>
  <testcase name="testRandom" time="0.000" classname="de.learnlib.acex.analyzers.AnalyzersTest"/>
  <testcase name="testRandom" time="0.000" classname="de.learnlib.acex.analyzers.AnalyzersTest"/>
  <testcase name="testOne0" time="0.000" classname="de.learnlib.acex.analyzers.AnalyzersTest"/>
  <testcase name="testOne1" time="0.001" classname="de.learnlib.acex.analyzers.AnalyzersTest"/>
  <testcase name="testOne1" time="0.000" classname="de.learnlib.acex.analyzers.AnalyzersTest"/>
  <testcase name="testOne0" time="0.000" classname="de.learnlib.acex.analyzers.AnalyzersTest"/>
  <testcase name="testOne0" time="0.001" classname="de.learnlib.acex.analyzers.AnalyzersTest"/>
  <testcase name="testOne1" time="0.000" classname="de.learnlib.acex.analyzers.AnalyzersTest"/>
  <testcase name="testOne1" time="0.000" classname="de.learnlib.acex.analyzers.AnalyzersTest"/>
  <testcase name="testOne0" time="0.013" classname="de.learnlib.acex.analyzers.AnalyzersTest"/>
  <testcase name="testRandom" time="0.000" classname="de.learnlib.acex.analyzers.AnalyzersTest"/>
  <testcase name="testOne1" time="0.001" classname="de.learnlib.acex.analyzers.AnalyzersTest"/>
</testsuite> <!-- de.learnlib.acex.analyzers.AnalyzersTest -->
