<?xml version="1.0" encoding="UTF-8"?>
<!-- Generated by org.testng.reporters.JUnitReportReporter -->
<testsuite skipped="0" hostname="Junyong" name="de.learnlib.datastructures.writer.SuffixASCIIWriterTest" tests="3" failures="0" timestamp="19 4월 2018 08:22:25 GMT" time="0.129" errors="0">
  <testcase name="testDelimiterInNames" time="0.112" classname="de.learnlib.datastructures.writer.SuffixASCIIWriterTest"/>
  <testcase name="testWrite" time="0.000" classname="de.learnlib.datastructures.writer.SuffixASCIIWriterTest"/>
  <testcase name="testRead" time="0.017" classname="de.learnlib.datastructures.writer.SuffixASCIIWriterTest"/>
</testsuite> <!-- de.learnlib.datastructures.writer.SuffixASCIIWriterTest -->
