<?xml version="1.0" encoding="UTF-8"?>
<!-- Generated by org.testng.reporters.JUnitReportReporter -->
<testsuite skipped="0" hostname="Junyong" name="de.learnlib.filter.cache.mealy.MealyDAGCacheTest" tests="7" failures="0" timestamp="19 4월 2018 08:23:01 GMT" time="0.011" errors="0">
  <testcase name="testTwoQueriesOneDuplicate" time="0.002" classname="de.learnlib.filter.cache.mealy.MealyDAGCacheTest"/>
  <testcase name="testNoQueriesReceived" time="0.000" classname="de.learnlib.filter.cache.mealy.MealyDAGCacheTest"/>
  <testcase name="testFirstQuery" time="0.004" classname="de.learnlib.filter.cache.mealy.MealyDAGCacheTest"/>
  <testcase name="testOneNewQuery" time="0.001" classname="de.learnlib.filter.cache.mealy.MealyDAGCacheTest"/>
  <testcase name="testFirstDuplicate" time="0.000" classname="de.learnlib.filter.cache.mealy.MealyDAGCacheTest"/>
  <testcase name="testPrefix" time="0.000" classname="de.learnlib.filter.cache.mealy.MealyDAGCacheTest"/>
  <testcase name="testCacheConsistency" time="0.004" classname="de.learnlib.filter.cache.mealy.MealyDAGCacheTest"/>
</testsuite> <!-- de.learnlib.filter.cache.mealy.MealyDAGCacheTest -->
