<?xml version="1.0" encoding="UTF-8"?>
<!-- Generated by org.testng.reporters.JUnitReportReporter -->
<testsuite skipped="0" hostname="Junyong" name="de.learnlib.filter.cache.dfa.DFAHashCacheTest" tests="7" failures="0" timestamp="19 4월 2018 08:23:01 GMT" time="0.002" errors="0">
  <testcase name="testPrefix" time="0.000" classname="de.learnlib.filter.cache.dfa.DFAHashCacheTest"/>
  <testcase name="testFirstDuplicate" time="0.000" classname="de.learnlib.filter.cache.dfa.DFAHashCacheTest"/>
  <testcase name="testOneNewQuery" time="0.000" classname="de.learnlib.filter.cache.dfa.DFAHashCacheTest"/>
  <testcase name="testNoQueriesReceived" time="0.000" classname="de.learnlib.filter.cache.dfa.DFAHashCacheTest"/>
  <testcase name="testFirstQuery" time="0.001" classname="de.learnlib.filter.cache.dfa.DFAHashCacheTest"/>
  <testcase name="testCacheConsistency" time="0.001" classname="de.learnlib.filter.cache.dfa.DFAHashCacheTest"/>
  <testcase name="testTwoQueriesOneDuplicate" time="0.000" classname="de.learnlib.filter.cache.dfa.DFAHashCacheTest"/>
</testsuite> <!-- de.learnlib.filter.cache.dfa.DFAHashCacheTest -->
