<?xml version="1.0" encoding="UTF-8"?>
<!-- Generated by org.testng.reporters.JUnitXMLReporter -->
<testsuite hostname="Junyong" ignored="0" name="Surefire test" tests="70" failures="0" timestamp="19 4월 2018 08:23:01 GMT" time="0.238" errors="0">
  <testcase name="testNoQueriesReceived" time="0.037" classname="de.learnlib.filter.cache.AbstractCacheTest"/>
  <testcase name="testNoQueriesReceived" time="0.0" classname="de.learnlib.filter.cache.AbstractCacheTest"/>
  <testcase name="testNoQueriesReceived" time="0.001" classname="de.learnlib.filter.cache.AbstractCacheTest"/>
  <testcase name="testFirstQuery" time="0.023" classname="de.learnlib.filter.cache.AbstractCacheTest"/>
  <testcase name="testFirstQuery" time="0.004" classname="de.learnlib.filter.cache.AbstractCacheTest"/>
  <testcase name="testFirstQuery" time="0.001" classname="de.learnlib.filter.cache.AbstractCacheTest"/>
  <testcase name="testFirstDuplicate" time="0.0" classname="de.learnlib.filter.cache.AbstractCacheTest"/>
  <testcase name="testFirstDuplicate" time="0.0" classname="de.learnlib.filter.cache.AbstractCacheTest"/>
  <testcase name="testFirstDuplicate" time="0.001" classname="de.learnlib.filter.cache.AbstractCacheTest"/>
  <testcase name="testTwoQueriesOneDuplicate" time="0.0" classname="de.learnlib.filter.cache.AbstractCacheTest"/>
  <testcase name="testTwoQueriesOneDuplicate" time="0.002" classname="de.learnlib.filter.cache.AbstractCacheTest"/>
  <testcase name="testTwoQueriesOneDuplicate" time="0.001" classname="de.learnlib.filter.cache.AbstractCacheTest"/>
  <testcase name="testOneNewQuery" time="0.001" classname="de.learnlib.filter.cache.AbstractCacheTest"/>
  <testcase name="testOneNewQuery" time="0.001" classname="de.learnlib.filter.cache.AbstractCacheTest"/>
  <testcase name="testOneNewQuery" time="0.001" classname="de.learnlib.filter.cache.AbstractCacheTest"/>
  <testcase name="testPrefix" time="0.0" classname="de.learnlib.filter.cache.AbstractCacheTest"/>
  <testcase name="testPrefix" time="0.0" classname="de.learnlib.filter.cache.AbstractCacheTest"/>
  <testcase name="testPrefix" time="0.0" classname="de.learnlib.filter.cache.AbstractCacheTest"/>
  <testcase name="testCacheConsistency" time="0.005" classname="de.learnlib.filter.cache.AbstractCacheTest"/>
  <testcase name="testCacheConsistency" time="0.004" classname="de.learnlib.filter.cache.AbstractCacheTest"/>
  <testcase name="testCacheConsistency" time="0.001" classname="de.learnlib.filter.cache.AbstractCacheTest"/>
  <testcase name="testNoQueriesReceived" time="0.0" classname="de.learnlib.filter.cache.AbstractCacheTest"/>
  <testcase name="testNoQueriesReceived" time="0.0" classname="de.learnlib.filter.cache.AbstractCacheTest"/>
  <testcase name="testNoQueriesReceived" time="0.002" classname="de.learnlib.filter.cache.AbstractCacheTest"/>
  <testcase name="testFirstQuery" time="0.001" classname="de.learnlib.filter.cache.AbstractCacheTest"/>
  <testcase name="testFirstQuery" time="0.001" classname="de.learnlib.filter.cache.AbstractCacheTest"/>
  <testcase name="testFirstQuery" time="0.001" classname="de.learnlib.filter.cache.AbstractCacheTest"/>
  <testcase name="testFirstDuplicate" time="0.0" classname="de.learnlib.filter.cache.AbstractCacheTest"/>
  <testcase name="testFirstDuplicate" time="0.0" classname="de.learnlib.filter.cache.AbstractCacheTest"/>
  <testcase name="testFirstDuplicate" time="0.0" classname="de.learnlib.filter.cache.AbstractCacheTest"/>
  <testcase name="testTwoQueriesOneDuplicate" time="0.0" classname="de.learnlib.filter.cache.AbstractCacheTest"/>
  <testcase name="testTwoQueriesOneDuplicate" time="0.001" classname="de.learnlib.filter.cache.AbstractCacheTest"/>
  <testcase name="testTwoQueriesOneDuplicate" time="0.001" classname="de.learnlib.filter.cache.AbstractCacheTest"/>
  <testcase name="testOneNewQuery" time="0.0" classname="de.learnlib.filter.cache.AbstractCacheTest"/>
  <testcase name="testOneNewQuery" time="0.0" classname="de.learnlib.filter.cache.AbstractCacheTest"/>
  <testcase name="testOneNewQuery" time="0.001" classname="de.learnlib.filter.cache.AbstractCacheTest"/>
  <testcase name="testPrefix" time="0.0" classname="de.learnlib.filter.cache.AbstractCacheTest"/>
  <testcase name="testPrefix" time="0.0" classname="de.learnlib.filter.cache.AbstractCacheTest"/>
  <testcase name="testPrefix" time="0.0" classname="de.learnlib.filter.cache.AbstractCacheTest"/>
  <testcase name="testCacheConsistency" time="0.001" classname="de.learnlib.filter.cache.AbstractCacheTest"/>
  <testcase name="testCacheConsistency" time="0.0" classname="de.learnlib.filter.cache.AbstractCacheTest"/>
  <testcase name="testCacheConsistency" time="0.001" classname="de.learnlib.filter.cache.AbstractCacheTest"/>
  <testcase name="testNoQueriesReceived" time="0.0" classname="de.learnlib.filter.cache.AbstractCacheTest"/>
  <testcase name="testNoQueriesReceived" time="0.002" classname="de.learnlib.filter.cache.AbstractCacheTest"/>
  <testcase name="testFirstQuery" time="0.0" classname="de.learnlib.filter.cache.AbstractCacheTest"/>
  <testcase name="testFirstQuery" time="0.0" classname="de.learnlib.filter.cache.AbstractCacheTest"/>
  <testcase name="testFirstDuplicate" time="0.0" classname="de.learnlib.filter.cache.AbstractCacheTest"/>
  <testcase name="testFirstDuplicate" time="0.0" classname="de.learnlib.filter.cache.AbstractCacheTest"/>
  <testcase name="testTwoQueriesOneDuplicate" time="0.001" classname="de.learnlib.filter.cache.AbstractCacheTest"/>
  <testcase name="testTwoQueriesOneDuplicate" time="0.0" classname="de.learnlib.filter.cache.AbstractCacheTest"/>
  <testcase name="testOneNewQuery" time="0.0" classname="de.learnlib.filter.cache.AbstractCacheTest"/>
  <testcase name="testOneNewQuery" time="0.0" classname="de.learnlib.filter.cache.AbstractCacheTest"/>
  <testcase name="testPrefix" time="0.0" classname="de.learnlib.filter.cache.AbstractCacheTest"/>
  <testcase name="testPrefix" time="0.0" classname="de.learnlib.filter.cache.AbstractCacheTest"/>
  <testcase name="testCacheConsistency" time="0.001" classname="de.learnlib.filter.cache.AbstractCacheTest"/>
  <testcase name="testCacheConsistency" time="0.001" classname="de.learnlib.filter.cache.AbstractCacheTest"/>
  <testcase name="testNoQueriesReceived" time="0.0" classname="de.learnlib.filter.cache.AbstractCacheTest"/>
  <testcase name="testFirstQuery" time="0.001" classname="de.learnlib.filter.cache.AbstractCacheTest"/>
  <testcase name="testFirstDuplicate" time="0.0" classname="de.learnlib.filter.cache.AbstractCacheTest"/>
  <testcase name="testTwoQueriesOneDuplicate" time="0.0" classname="de.learnlib.filter.cache.AbstractCacheTest"/>
  <testcase name="testOneNewQuery" time="0.001" classname="de.learnlib.filter.cache.AbstractCacheTest"/>
  <testcase name="testPrefix" time="0.0" classname="de.learnlib.filter.cache.AbstractCacheTest"/>
  <testcase name="testCacheConsistency" time="0.0" classname="de.learnlib.filter.cache.AbstractCacheTest"/>
  <testcase name="testNoQueriesReceived" time="0.001" classname="de.learnlib.filter.cache.AbstractCacheTest"/>
  <testcase name="testFirstQuery" time="0.002" classname="de.learnlib.filter.cache.AbstractCacheTest"/>
  <testcase name="testFirstDuplicate" time="0.0" classname="de.learnlib.filter.cache.AbstractCacheTest"/>
  <testcase name="testTwoQueriesOneDuplicate" time="0.001" classname="de.learnlib.filter.cache.AbstractCacheTest"/>
  <testcase name="testOneNewQuery" time="0.0" classname="de.learnlib.filter.cache.AbstractCacheTest"/>
  <testcase name="testPrefix" time="0.0" classname="de.learnlib.filter.cache.AbstractCacheTest"/>
  <testcase name="testCacheConsistency" time="0.008" classname="de.learnlib.filter.cache.AbstractCacheTest"/>
</testsuite> <!-- Surefire test -->
