<?xml version="1.0" encoding="UTF-8"?>
<testng-results skipped="25" failed="0" ignored="0" total="25" passed="0">
  <reporter-output>
  </reporter-output>
  <suite name="Surefire suite" duration-ms="146" started-at="2018-04-19T08:22:52Z" finished-at="2018-04-19T08:22:53Z">
    <groups>
    </groups>
    <test name="Surefire test" duration-ms="146" started-at="2018-04-19T08:22:52Z" finished-at="2018-04-19T08:22:53Z">
      <class name="de.learnlib.modelchecking.modelchecker.LTSminLTLIOTest">
        <test-method status="SKIP" signature="setupBeforeClass()[pri:0, instance:de.learnlib.modelchecking.modelchecker.LTSminLTLIOTest@337d0578]" name="setupBeforeClass" is-config="true" duration-ms="0" started-at="2018-04-19T17:22:53Z" finished-at="2018-04-19T17:22:53Z">
          <reporter-output>
          </reporter-output>
        </test-method> <!-- setupBeforeClass -->
        <test-method status="SKIP" signature="setUp()[pri:0, instance:de.learnlib.modelchecking.modelchecker.LTSminLTLIOTest@337d0578]" name="setUp" is-config="true" duration-ms="0" started-at="2018-04-19T17:22:53Z" finished-at="2018-04-19T17:22:53Z">
          <reporter-output>
          </reporter-output>
        </test-method> <!-- setUp -->
        <test-method status="SKIP" signature="setUp()[pri:0, instance:de.learnlib.modelchecking.modelchecker.LTSminLTLIOTest@337d0578]" name="setUp" is-config="true" duration-ms="0" started-at="2018-04-19T17:22:53Z" finished-at="2018-04-19T17:22:53Z">
          <reporter-output>
          </reporter-output>
        </test-method> <!-- setUp -->
        <test-method status="SKIP" signature="testFindCounterExample()[pri:0, instance:de.learnlib.modelchecking.modelchecker.LTSminLTLIOTest@337d0578]" name="testFindCounterExample" duration-ms="0" started-at="2018-04-19T17:22:53Z" finished-at="2018-04-19T17:22:53Z">
          <reporter-output>
          </reporter-output>
        </test-method> <!-- testFindCounterExample -->
        <test-method status="SKIP" signature="testSkipOutputs()[pri:0, instance:de.learnlib.modelchecking.modelchecker.LTSminLTLIOTest@337d0578]" name="testSkipOutputs" duration-ms="0" started-at="2018-04-19T17:22:53Z" finished-at="2018-04-19T17:22:53Z">
          <reporter-output>
          </reporter-output>
        </test-method> <!-- testSkipOutputs -->
        <test-method status="SKIP" signature="setUp()[pri:0, instance:de.learnlib.modelchecking.modelchecker.LTSminLTLIOTest@337d0578]" name="setUp" is-config="true" duration-ms="0" started-at="2018-04-19T17:22:53Z" finished-at="2018-04-19T17:22:53Z">
          <reporter-output>
          </reporter-output>
        </test-method> <!-- setUp -->
        <test-method status="SKIP" signature="testComputeUnfolds()[pri:0, instance:de.learnlib.modelchecking.modelchecker.LTSminLTLIOTest@337d0578]" name="testComputeUnfolds" duration-ms="0" started-at="2018-04-19T17:22:53Z" finished-at="2018-04-19T17:22:53Z">
          <reporter-output>
          </reporter-output>
        </test-method> <!-- testComputeUnfolds -->
        <test-method status="SKIP" signature="setUp()[pri:0, instance:de.learnlib.modelchecking.modelchecker.LTSminLTLIOTest@337d0578]" name="setUp" is-config="true" duration-ms="0" started-at="2018-04-19T17:22:53Z" finished-at="2018-04-19T17:22:53Z">
          <reporter-output>
          </reporter-output>
        </test-method> <!-- setUp -->
        <test-method status="SKIP" signature="setUp()[pri:0, instance:de.learnlib.modelchecking.modelchecker.LTSminLTLIOTest@337d0578]" name="setUp" is-config="true" duration-ms="0" started-at="2018-04-19T17:22:53Z" finished-at="2018-04-19T17:22:53Z">
          <reporter-output>
          </reporter-output>
        </test-method> <!-- setUp -->
        <test-method status="SKIP" signature="testSetMinimumUnfolds()[pri:0, instance:de.learnlib.modelchecking.modelchecker.LTSminLTLIOTest@337d0578]" name="testSetMinimumUnfolds" duration-ms="0" started-at="2018-04-19T17:22:53Z" finished-at="2018-04-19T17:22:53Z">
          <reporter-output>
          </reporter-output>
        </test-method> <!-- testSetMinimumUnfolds -->
        <test-method status="SKIP" signature="testComputeUnfoldsExcept()[pri:0, instance:de.learnlib.modelchecking.modelchecker.LTSminLTLIOTest@337d0578]" name="testComputeUnfoldsExcept" duration-ms="0" started-at="2018-04-19T17:22:53Z" finished-at="2018-04-19T17:22:53Z">
          <reporter-output>
          </reporter-output>
        </test-method> <!-- testComputeUnfoldsExcept -->
        <test-method status="SKIP" signature="setUp()[pri:0, instance:de.learnlib.modelchecking.modelchecker.LTSminLTLIOTest@337d0578]" name="setUp" is-config="true" duration-ms="0" started-at="2018-04-19T17:22:53Z" finished-at="2018-04-19T17:22:53Z">
          <reporter-output>
          </reporter-output>
        </test-method> <!-- setUp -->
        <test-method status="SKIP" signature="testSetMultiplier()[pri:0, instance:de.learnlib.modelchecking.modelchecker.LTSminLTLIOTest@337d0578]" name="testSetMultiplier" duration-ms="0" started-at="2018-04-19T17:22:53Z" finished-at="2018-04-19T17:22:53Z">
          <reporter-output>
          </reporter-output>
        </test-method> <!-- testSetMultiplier -->
        <test-method status="SKIP" signature="setUp()[pri:0, instance:de.learnlib.modelchecking.modelchecker.LTSminLTLIOTest@337d0578]" name="setUp" is-config="true" duration-ms="0" started-at="2018-04-19T17:22:53Z" finished-at="2018-04-19T17:22:53Z">
          <reporter-output>
          </reporter-output>
        </test-method> <!-- setUp -->
        <test-method status="SKIP" signature="testSetMinimumUnfoldsExcept()[pri:0, instance:de.learnlib.modelchecking.modelchecker.LTSminLTLIOTest@337d0578]" name="testSetMinimumUnfoldsExcept" duration-ms="0" started-at="2018-04-19T17:22:53Z" finished-at="2018-04-19T17:22:53Z">
          <reporter-output>
          </reporter-output>
        </test-method> <!-- testSetMinimumUnfoldsExcept -->
        <test-method status="SKIP" signature="setUp()[pri:0, instance:de.learnlib.modelchecking.modelchecker.LTSminLTLIOTest@337d0578]" name="setUp" is-config="true" duration-ms="0" started-at="2018-04-19T17:22:53Z" finished-at="2018-04-19T17:22:53Z">
          <reporter-output>
          </reporter-output>
        </test-method> <!-- setUp -->
        <test-method status="SKIP" signature="testSetMultiplierExcept()[pri:0, instance:de.learnlib.modelchecking.modelchecker.LTSminLTLIOTest@337d0578]" name="testSetMultiplierExcept" duration-ms="0" started-at="2018-04-19T17:22:53Z" finished-at="2018-04-19T17:22:53Z">
          <reporter-output>
          </reporter-output>
        </test-method> <!-- testSetMultiplierExcept -->
      </class> <!-- de.learnlib.modelchecking.modelchecker.LTSminLTLIOTest -->
      <class name="de.learnlib.modelchecking.modelchecker.LTSminLTLDFATest">
        <test-method status="SKIP" signature="setupBeforeClass()[pri:0, instance:de.learnlib.modelchecking.modelchecker.LTSminLTLDFATest@7ca48474]" name="setupBeforeClass" is-config="true" duration-ms="0" started-at="2018-04-19T17:22:53Z" finished-at="2018-04-19T17:22:53Z">
          <reporter-output>
          </reporter-output>
        </test-method> <!-- setupBeforeClass -->
        <test-method status="SKIP" signature="setUp()[pri:0, instance:de.learnlib.modelchecking.modelchecker.LTSminLTLDFATest@7ca48474]" name="setUp" is-config="true" duration-ms="0" started-at="2018-04-19T17:22:53Z" finished-at="2018-04-19T17:22:53Z">
          <reporter-output>
          </reporter-output>
        </test-method> <!-- setUp -->
        <test-method status="SKIP" signature="testFindCounterExample()[pri:0, instance:de.learnlib.modelchecking.modelchecker.LTSminLTLDFATest@7ca48474]" name="testFindCounterExample" duration-ms="0" started-at="2018-04-19T17:22:53Z" finished-at="2018-04-19T17:22:53Z">
          <reporter-output>
          </reporter-output>
        </test-method> <!-- testFindCounterExample -->
        <test-method status="SKIP" signature="setUp()[pri:0, instance:de.learnlib.modelchecking.modelchecker.LTSminLTLDFATest@7ca48474]" name="setUp" is-config="true" duration-ms="0" started-at="2018-04-19T17:22:53Z" finished-at="2018-04-19T17:22:53Z">
          <reporter-output>
          </reporter-output>
        </test-method> <!-- setUp -->
        <test-method status="SKIP" signature="setUp()[pri:0, instance:de.learnlib.modelchecking.modelchecker.LTSminLTLDFATest@7ca48474]" name="setUp" is-config="true" duration-ms="0" started-at="2018-04-19T17:22:53Z" finished-at="2018-04-19T17:22:53Z">
          <reporter-output>
          </reporter-output>
        </test-method> <!-- setUp -->
        <test-method status="SKIP" signature="testComputeUnfoldsExcept()[pri:0, instance:de.learnlib.modelchecking.modelchecker.LTSminLTLDFATest@7ca48474]" name="testComputeUnfoldsExcept" duration-ms="0" started-at="2018-04-19T17:22:53Z" finished-at="2018-04-19T17:22:53Z">
          <reporter-output>
          </reporter-output>
        </test-method> <!-- testComputeUnfoldsExcept -->
        <test-method status="SKIP" signature="testComputeUnfolds()[pri:0, instance:de.learnlib.modelchecking.modelchecker.LTSminLTLDFATest@7ca48474]" name="testComputeUnfolds" duration-ms="0" started-at="2018-04-19T17:22:53Z" finished-at="2018-04-19T17:22:53Z">
          <reporter-output>
          </reporter-output>
        </test-method> <!-- testComputeUnfolds -->
        <test-method status="SKIP" signature="setUp()[pri:0, instance:de.learnlib.modelchecking.modelchecker.LTSminLTLDFATest@7ca48474]" name="setUp" is-config="true" duration-ms="0" started-at="2018-04-19T17:22:53Z" finished-at="2018-04-19T17:22:53Z">
          <reporter-output>
          </reporter-output>
        </test-method> <!-- setUp -->
        <test-method status="SKIP" signature="testSetMinimumUnfolds()[pri:0, instance:de.learnlib.modelchecking.modelchecker.LTSminLTLDFATest@7ca48474]" name="testSetMinimumUnfolds" duration-ms="0" started-at="2018-04-19T17:22:53Z" finished-at="2018-04-19T17:22:53Z">
          <reporter-output>
          </reporter-output>
        </test-method> <!-- testSetMinimumUnfolds -->
        <test-method status="SKIP" signature="setUp()[pri:0, instance:de.learnlib.modelchecking.modelchecker.LTSminLTLDFATest@7ca48474]" name="setUp" is-config="true" duration-ms="0" started-at="2018-04-19T17:22:53Z" finished-at="2018-04-19T17:22:53Z">
          <reporter-output>
          </reporter-output>
        </test-method> <!-- setUp -->
        <test-method status="SKIP" signature="testSetMinimumUnfoldsExcept()[pri:0, instance:de.learnlib.modelchecking.modelchecker.LTSminLTLDFATest@7ca48474]" name="testSetMinimumUnfoldsExcept" duration-ms="0" started-at="2018-04-19T17:22:53Z" finished-at="2018-04-19T17:22:53Z">
          <reporter-output>
          </reporter-output>
        </test-method> <!-- testSetMinimumUnfoldsExcept -->
        <test-method status="SKIP" signature="setUp()[pri:0, instance:de.learnlib.modelchecking.modelchecker.LTSminLTLDFATest@7ca48474]" name="setUp" is-config="true" duration-ms="0" started-at="2018-04-19T17:22:53Z" finished-at="2018-04-19T17:22:53Z">
          <reporter-output>
          </reporter-output>
        </test-method> <!-- setUp -->
        <test-method status="SKIP" signature="testSetMultiplierExcept()[pri:0, instance:de.learnlib.modelchecking.modelchecker.LTSminLTLDFATest@7ca48474]" name="testSetMultiplierExcept" duration-ms="0" started-at="2018-04-19T17:22:53Z" finished-at="2018-04-19T17:22:53Z">
          <reporter-output>
          </reporter-output>
        </test-method> <!-- testSetMultiplierExcept -->
        <test-method status="SKIP" signature="testSetMultiplier()[pri:0, instance:de.learnlib.modelchecking.modelchecker.LTSminLTLDFATest@7ca48474]" name="testSetMultiplier" duration-ms="0" started-at="2018-04-19T17:22:53Z" finished-at="2018-04-19T17:22:53Z">
          <reporter-output>
          </reporter-output>
        </test-method> <!-- testSetMultiplier -->
        <test-method status="SKIP" signature="setUp()[pri:0, instance:de.learnlib.modelchecking.modelchecker.LTSminLTLDFATest@7ca48474]" name="setUp" is-config="true" duration-ms="0" started-at="2018-04-19T17:22:53Z" finished-at="2018-04-19T17:22:53Z">
          <reporter-output>
          </reporter-output>
        </test-method> <!-- setUp -->
        <test-method status="SKIP" signature="testEmptyLanguage()[pri:0, instance:de.learnlib.modelchecking.modelchecker.LTSminLTLDFATest@7ca48474]" name="testEmptyLanguage" duration-ms="0" started-at="2018-04-19T17:22:53Z" finished-at="2018-04-19T17:22:53Z">
          <reporter-output>
          </reporter-output>
        </test-method> <!-- testEmptyLanguage -->
        <test-method status="SKIP" signature="testPrefixClosed()[pri:0, instance:de.learnlib.modelchecking.modelchecker.LTSminLTLDFATest@7ca48474]" name="testPrefixClosed" duration-ms="0" started-at="2018-04-19T17:22:53Z" finished-at="2018-04-19T17:22:53Z">
          <reporter-output>
          </reporter-output>
        </test-method> <!-- testPrefixClosed -->
        <test-method status="SKIP" signature="setUp()[pri:0, instance:de.learnlib.modelchecking.modelchecker.LTSminLTLDFATest@7ca48474]" name="setUp" is-config="true" duration-ms="0" started-at="2018-04-19T17:22:53Z" finished-at="2018-04-19T17:22:53Z">
          <reporter-output>
          </reporter-output>
        </test-method> <!-- setUp -->
        <test-method status="SKIP" signature="setUp()[pri:0, instance:de.learnlib.modelchecking.modelchecker.LTSminLTLDFATest@7ca48474]" name="setUp" is-config="true" duration-ms="0" started-at="2018-04-19T17:22:53Z" finished-at="2018-04-19T17:22:53Z">
          <reporter-output>
          </reporter-output>
        </test-method> <!-- setUp -->
      </class> <!-- de.learnlib.modelchecking.modelchecker.LTSminLTLDFATest -->
      <class name="de.learnlib.modelchecking.modelchecker.LTSminLTLAlternatingTest">
        <test-method status="SKIP" signature="setupBeforeClass()[pri:0, instance:de.learnlib.modelchecking.modelchecker.LTSminLTLAlternatingTest@13a57a3b]" name="setupBeforeClass" is-config="true" duration-ms="108" started-at="2018-04-19T17:22:52Z" finished-at="2018-04-19T17:22:53Z">
          <exception class="org.testng.SkipException">
            <message>
              <![CDATA[LTSmin not installed]]>
            </message>
            <full-stacktrace>
              <![CDATA[org.testng.SkipException: LTSmin not installed
	at de.learnlib.modelchecking.modelchecker.AbstractLTSminLTLTest.setupBeforeClass(AbstractLTSminLTLTest.java:60)
	at sun.reflect.NativeMethodAccessorImpl.invoke0(Native Method)
	at sun.reflect.NativeMethodAccessorImpl.invoke(NativeMethodAccessorImpl.java:62)
	at sun.reflect.DelegatingMethodAccessorImpl.invoke(DelegatingMethodAccessorImpl.java:43)
	at java.lang.reflect.Method.invoke(Method.java:498)
	at org.testng.internal.MethodInvocationHelper.invokeMethod(MethodInvocationHelper.java:108)
	at org.testng.internal.Invoker.invokeConfigurationMethod(Invoker.java:523)
	at org.testng.internal.Invoker.invokeConfigurations(Invoker.java:224)
	at org.testng.internal.Invoker.invokeConfigurations(Invoker.java:146)
	at org.testng.internal.TestMethodWorker.invokeBeforeClassMethods(TestMethodWorker.java:166)
	at org.testng.internal.TestMethodWorker.run(TestMethodWorker.java:105)
	at org.testng.TestRunner.privateRun(TestRunner.java:744)
	at org.testng.TestRunner.run(TestRunner.java:602)
	at org.testng.SuiteRunner.runTest(SuiteRunner.java:380)
	at org.testng.SuiteRunner.runSequentially(SuiteRunner.java:375)
	at org.testng.SuiteRunner.privateRun(SuiteRunner.java:340)
	at org.testng.SuiteRunner.run(SuiteRunner.java:289)
	at org.testng.SuiteRunnerWorker.runSuite(SuiteRunnerWorker.java:52)
	at org.testng.SuiteRunnerWorker.run(SuiteRunnerWorker.java:86)
	at org.testng.TestNG.runSuitesSequentially(TestNG.java:1301)
	at org.testng.TestNG.runSuitesLocally(TestNG.java:1226)
	at org.testng.TestNG.runSuites(TestNG.java:1144)
	at org.testng.TestNG.run(TestNG.java:1115)
	at org.apache.maven.surefire.testng.TestNGExecutor.run(TestNGExecutor.java:135)
	at org.apache.maven.surefire.testng.TestNGDirectoryTestSuite.executeMulti(TestNGDirectoryTestSuite.java:193)
	at org.apache.maven.surefire.testng.TestNGDirectoryTestSuite.execute(TestNGDirectoryTestSuite.java:94)
	at org.apache.maven.surefire.testng.TestNGProvider.invoke(TestNGProvider.java:146)
	at org.apache.maven.surefire.booter.ForkedBooter.invokeProviderInSameClassLoader(ForkedBooter.java:386)
	at org.apache.maven.surefire.booter.ForkedBooter.runSuitesInProcess(ForkedBooter.java:323)
	at org.apache.maven.surefire.booter.ForkedBooter.main(ForkedBooter.java:143)
]]>
            </full-stacktrace>
          </exception> <!-- org.testng.SkipException -->
          <reporter-output>
          </reporter-output>
        </test-method> <!-- setupBeforeClass -->
        <test-method status="SKIP" signature="testSkipOutputs()[pri:0, instance:de.learnlib.modelchecking.modelchecker.LTSminLTLAlternatingTest@13a57a3b]" name="testSkipOutputs" duration-ms="0" started-at="2018-04-19T17:22:53Z" finished-at="2018-04-19T17:22:53Z">
          <reporter-output>
          </reporter-output>
        </test-method> <!-- testSkipOutputs -->
        <test-method status="SKIP" signature="setUp()[pri:0, instance:de.learnlib.modelchecking.modelchecker.LTSminLTLAlternatingTest@13a57a3b]" name="setUp" is-config="true" duration-ms="0" started-at="2018-04-19T17:22:53Z" finished-at="2018-04-19T17:22:53Z">
          <reporter-output>
          </reporter-output>
        </test-method> <!-- setUp -->
        <test-method status="SKIP" signature="setUp()[pri:0, instance:de.learnlib.modelchecking.modelchecker.LTSminLTLAlternatingTest@13a57a3b]" name="setUp" is-config="true" duration-ms="0" started-at="2018-04-19T17:22:53Z" finished-at="2018-04-19T17:22:53Z">
          <reporter-output>
          </reporter-output>
        </test-method> <!-- setUp -->
        <test-method status="SKIP" signature="testComputeUnfolds()[pri:0, instance:de.learnlib.modelchecking.modelchecker.LTSminLTLAlternatingTest@13a57a3b]" name="testComputeUnfolds" duration-ms="0" started-at="2018-04-19T17:22:53Z" finished-at="2018-04-19T17:22:53Z">
          <reporter-output>
          </reporter-output>
        </test-method> <!-- testComputeUnfolds -->
        <test-method status="SKIP" signature="testFindCounterExample()[pri:0, instance:de.learnlib.modelchecking.modelchecker.LTSminLTLAlternatingTest@13a57a3b]" name="testFindCounterExample" duration-ms="0" started-at="2018-04-19T17:22:53Z" finished-at="2018-04-19T17:22:53Z">
          <reporter-output>
          </reporter-output>
        </test-method> <!-- testFindCounterExample -->
        <test-method status="SKIP" signature="setUp()[pri:0, instance:de.learnlib.modelchecking.modelchecker.LTSminLTLAlternatingTest@13a57a3b]" name="setUp" is-config="true" duration-ms="0" started-at="2018-04-19T17:22:53Z" finished-at="2018-04-19T17:22:53Z">
          <reporter-output>
          </reporter-output>
        </test-method> <!-- setUp -->
        <test-method status="SKIP" signature="setUp()[pri:0, instance:de.learnlib.modelchecking.modelchecker.LTSminLTLAlternatingTest@13a57a3b]" name="setUp" is-config="true" duration-ms="0" started-at="2018-04-19T17:22:53Z" finished-at="2018-04-19T17:22:53Z">
          <reporter-output>
          </reporter-output>
        </test-method> <!-- setUp -->
        <test-method status="SKIP" signature="setUp()[pri:0, instance:de.learnlib.modelchecking.modelchecker.LTSminLTLAlternatingTest@13a57a3b]" name="setUp" is-config="true" duration-ms="0" started-at="2018-04-19T17:22:53Z" finished-at="2018-04-19T17:22:53Z">
          <reporter-output>
          </reporter-output>
        </test-method> <!-- setUp -->
        <test-method status="SKIP" signature="testComputeUnfoldsExcept()[pri:0, instance:de.learnlib.modelchecking.modelchecker.LTSminLTLAlternatingTest@13a57a3b]" name="testComputeUnfoldsExcept" duration-ms="0" started-at="2018-04-19T17:22:53Z" finished-at="2018-04-19T17:22:53Z">
          <reporter-output>
          </reporter-output>
        </test-method> <!-- testComputeUnfoldsExcept -->
        <test-method status="SKIP" signature="testSetMinimumUnfolds()[pri:0, instance:de.learnlib.modelchecking.modelchecker.LTSminLTLAlternatingTest@13a57a3b]" name="testSetMinimumUnfolds" duration-ms="0" started-at="2018-04-19T17:22:53Z" finished-at="2018-04-19T17:22:53Z">
          <reporter-output>
          </reporter-output>
        </test-method> <!-- testSetMinimumUnfolds -->
        <test-method status="SKIP" signature="setUp()[pri:0, instance:de.learnlib.modelchecking.modelchecker.LTSminLTLAlternatingTest@13a57a3b]" name="setUp" is-config="true" duration-ms="0" started-at="2018-04-19T17:22:53Z" finished-at="2018-04-19T17:22:53Z">
          <reporter-output>
          </reporter-output>
        </test-method> <!-- setUp -->
        <test-method status="SKIP" signature="testSetMinimumUnfoldsExcept()[pri:0, instance:de.learnlib.modelchecking.modelchecker.LTSminLTLAlternatingTest@13a57a3b]" name="testSetMinimumUnfoldsExcept" duration-ms="0" started-at="2018-04-19T17:22:53Z" finished-at="2018-04-19T17:22:53Z">
          <reporter-output>
          </reporter-output>
        </test-method> <!-- testSetMinimumUnfoldsExcept -->
        <test-method status="SKIP" signature="setUp()[pri:0, instance:de.learnlib.modelchecking.modelchecker.LTSminLTLAlternatingTest@13a57a3b]" name="setUp" is-config="true" duration-ms="0" started-at="2018-04-19T17:22:53Z" finished-at="2018-04-19T17:22:53Z">
          <reporter-output>
          </reporter-output>
        </test-method> <!-- setUp -->
        <test-method status="SKIP" signature="setUp()[pri:0, instance:de.learnlib.modelchecking.modelchecker.LTSminLTLAlternatingTest@13a57a3b]" name="setUp" is-config="true" duration-ms="0" started-at="2018-04-19T17:22:53Z" finished-at="2018-04-19T17:22:53Z">
          <reporter-output>
          </reporter-output>
        </test-method> <!-- setUp -->
        <test-method status="SKIP" signature="testSetMultiplierExcept()[pri:0, instance:de.learnlib.modelchecking.modelchecker.LTSminLTLAlternatingTest@13a57a3b]" name="testSetMultiplierExcept" duration-ms="0" started-at="2018-04-19T17:22:53Z" finished-at="2018-04-19T17:22:53Z">
          <reporter-output>
          </reporter-output>
        </test-method> <!-- testSetMultiplierExcept -->
        <test-method status="SKIP" signature="testSetMultiplier()[pri:0, instance:de.learnlib.modelchecking.modelchecker.LTSminLTLAlternatingTest@13a57a3b]" name="testSetMultiplier" duration-ms="0" started-at="2018-04-19T17:22:53Z" finished-at="2018-04-19T17:22:53Z">
          <reporter-output>
          </reporter-output>
        </test-method> <!-- testSetMultiplier -->
      </class> <!-- de.learnlib.modelchecking.modelchecker.LTSminLTLAlternatingTest -->
    </test> <!-- Surefire test -->
  </suite> <!-- Surefire suite -->
</testng-results>
