<?xml version="1.0" encoding="UTF-8"?>
<!-- Generated by org.testng.reporters.JUnitReportReporter -->
<testsuite skipped="0" hostname="Junyong" name="de.learnlib.algorithms.ttt.TTTDFAGrowingAlphabetTest" tests="2" failures="0" timestamp="19 4월 2018 08:22:36 GMT" time="0.119" errors="0">
  <testcase name="testInitialAlphabet" time="0.013" classname="de.learnlib.algorithms.ttt.TTTDFAGrowingAlphabetTest"/>
  <testcase name="testGrowingAlphabetAlphabet" time="0.106" classname="de.learnlib.algorithms.ttt.TTTDFAGrowingAlphabetTest"/>
</testsuite> <!-- de.learnlib.algorithms.ttt.TTTDFAGrowingAlphabetTest -->
