<?xml version="1.0" encoding="UTF-8"?>
<testng-results skipped="0" failed="0" ignored="0" total="2" passed="2">
  <reporter-output>
  </reporter-output>
  <suite name="Surefire suite" duration-ms="157" started-at="2018-04-19T08:22:49Z" finished-at="2018-04-19T08:22:49Z">
    <groups>
    </groups>
    <test name="Surefire test" duration-ms="157" started-at="2018-04-19T08:22:49Z" finished-at="2018-04-19T08:22:49Z">
      <class name="de.learnlib.drivers.reflect.ObjectTest">
        <test-method status="PASS" signature="testDriver()[pri:0, instance:de.learnlib.drivers.reflect.ObjectTest@5b464ce8]" name="testDriver" duration-ms="136" started-at="2018-04-19T17:22:49Z" finished-at="2018-04-19T17:22:49Z">
          <reporter-output>
          </reporter-output>
        </test-method> <!-- testDriver -->
        <test-method status="PASS" signature="testDriver2()[pri:0, instance:de.learnlib.drivers.reflect.ObjectTest@5b464ce8]" name="testDriver2" duration-ms="2" started-at="2018-04-19T17:22:49Z" finished-at="2018-04-19T17:22:49Z">
          <reporter-output>
          </reporter-output>
        </test-method> <!-- testDriver2 -->
      </class> <!-- de.learnlib.drivers.reflect.ObjectTest -->
    </test> <!-- Surefire test -->
  </suite> <!-- Surefire suite -->
</testng-results>
