<?xml version="1.0" encoding="UTF-8"?>
<!-- Generated by org.testng.reporters.JUnitReportReporter -->
<testsuite skipped="0" hostname="Junyong" name="de.learnlib.algorithms.dhc.mealy.MealyDHCTest" tests="5" failures="0" timestamp="19 4월 2018 08:22:12 GMT" time="0.058" errors="0">
  <testcase name="testMealyDHCRandom" time="0.036" classname="de.learnlib.algorithms.dhc.mealy.MealyDHCTest"/>
  <testcase name="testMealyDHCStack" time="0.001" classname="de.learnlib.algorithms.dhc.mealy.MealyDHCTest"/>
  <testcase name="testMealyDHCCoffee" time="0.015" classname="de.learnlib.algorithms.dhc.mealy.MealyDHCTest"/>
  <testcase name="testMealyDHCGrid" time="0.004" classname="de.learnlib.algorithms.dhc.mealy.MealyDHCTest"/>
  <testcase name="testMealyDHCInternalSate" time="0.002" classname="de.learnlib.algorithms.dhc.mealy.MealyDHCTest"/>
</testsuite> <!-- de.learnlib.algorithms.dhc.mealy.MealyDHCTest -->
