<?xml version="1.0" encoding="UTF-8"?>
<!-- Generated by org.testng.reporters.JUnitReportReporter -->
<testsuite skipped="0" hostname="Junyong" name="de.learnlib.algorithms.dhc.mealy.MealyDHCGrowingAlphabetTest" tests="2" failures="0" timestamp="19 4월 2018 08:22:12 GMT" time="0.143" errors="0">
  <testcase name="testGrowingAlphabetAlphabet" time="0.121" classname="de.learnlib.algorithms.dhc.mealy.MealyDHCGrowingAlphabetTest"/>
  <testcase name="testInitialAlphabet" time="0.022" classname="de.learnlib.algorithms.dhc.mealy.MealyDHCGrowingAlphabetTest"/>
</testsuite> <!-- de.learnlib.algorithms.dhc.mealy.MealyDHCGrowingAlphabetTest -->
