<?xml version="1.0" encoding="UTF-8"?>
<!-- Generated by org.testng.reporters.JUnitXMLReporter -->
<testsuite hostname="Junyong" ignored="0" name="Surefire test" tests="7" failures="0" timestamp="19 4월 2018 08:23:07 GMT" time="0.165" errors="0">
  <testcase name="testDistinctQueries" time="0.108" classname="de.learnlib.oracle.parallelism.DynamicParallelOracleTest"/>
  <testcase name="testDuplicateQueries" time="0.005" classname="de.learnlib.oracle.parallelism.DynamicParallelOracleTest"/>
  <testcase name="testFullLoad" time="0.015" classname="de.learnlib.oracle.parallelism.StaticParallelOracleTest"/>
  <testcase name="testLessThanMin" time="0.0" classname="de.learnlib.oracle.parallelism.StaticParallelOracleTest"/>
  <testcase name="testLessThanSixBatches" time="0.001" classname="de.learnlib.oracle.parallelism.StaticParallelOracleTest"/>
  <testcase name="testLessThanTwoBatches" time="0.0" classname="de.learnlib.oracle.parallelism.StaticParallelOracleTest"/>
  <testcase name="testMin" time="0.0" classname="de.learnlib.oracle.parallelism.StaticParallelOracleTest"/>
</testsuite> <!-- Surefire test -->
